17:16:21 **** Build of configuration Debug for project Helloworld ****
make all 
Building file: ../src/Helloworld.cpp
Invoking: GCC C++ Compiler
g++ -O0 -g3 -Wall -c -fmessage-length=0 -MMD -MP -MF"src/Helloworld.d" -MT"src/Helloworld.d" -o "src/Helloworld.o" "../src/Helloworld.cpp"
Finished building: ../src/Helloworld.cpp
 
Building target: Helloworld
Invoking: GCC C++ Linker
g++  -o "Helloworld"  ./src/Helloworld.o   
Finished building target: Helloworld
 
17:17:27 **** Incremental Build of configuration Debug for project Helloworld ****
make all 
make: Nothing to be done for `all'.
17:17:50 **** Incremental Build of configuration Debug for project Helloworld ****
make all 
make: Nothing to be done for `all'.
17:17:51 **** Incremental Build of configuration Debug for project Helloworld ****
make all 
make: Nothing to be done for `all'.
17:21:19 **** Incremental Build of configuration Debug for project Helloworld ****
make all 
make: Nothing to be done for `all'.
17:21:20 **** Build of configuration Debug for project Helloworld2 ****
make all 
Building file: ../src/Helloworld2.cpp
Invoking: Cross G++ Compiler
g++ -Wall -W -Werror g++ -O0 -g3 -Wall -c -fmessage-length=0 -MMD -MP -MF"src/Helloworld2.d" -MT"src/Helloworld2.d" -o "src/Helloworld2.o" "../src/Helloworld2.cpp"
g++: error: g++: No such file or directory
make: *** [src/Helloworld2.o] Error 1
13:15:52 **** Incremental Build of configuration Debug for project Helloworld ****
make all 
make: Nothing to be done for `all'.
13:15:52 **** Incremental Build of configuration Debug for project Helloworld2 ****
make all 
Building file: ../src/Helloworld2.cpp
Invoking: Cross G++ Compiler
g++ -Wall -W -Werror g++ -O0 -g3 -Wall -c -fmessage-length=0 -MMD -MP -MF"src/Helloworld2.d" -MT"src/Helloworld2.d" -o "src/Helloworld2.o" "../src/Helloworld2.cpp"
g++: error: g++: No such file or directory
make: *** [src/Helloworld2.o] Error 1
13:15:53 **** Build of configuration Debug for project Tutorial ****
make all 
Building file: ../src/MathFunctions/mysqrt.cxx
Invoking: GCC C++ Compiler
g++ -O0 -g3 -Wall -c -fmessage-length=0 -MMD -MP -MF"src/MathFunctions/mysqrt.d" -MT"src/MathFunctions/mysqrt.d" -o "src/MathFunctions/mysqrt.o" "../src/MathFunctions/mysqrt.cxx"
Finished building: ../src/MathFunctions/mysqrt.cxx
 
Building file: ../src/tutorial.cxx
Invoking: GCC C++ Compiler
g++ -O0 -g3 -Wall -c -fmessage-length=0 -MMD -MP -MF"src/tutorial.d" -MT"src/tutorial.d" -o "src/tutorial.o" "../src/tutorial.cxx"
../src/tutorial.cxx:5:28: fatal error: TutorialConfig.h: No such file or directory
compilation terminated.
make: *** [src/tutorial.o] Error 1
13:18:02 **** Incremental Build of configuration Debug for project Helloworld ****
make all 
make: Nothing to be done for `all'.
13:18:02 **** Incremental Build of configuration Debug for project Helloworld2 ****
make all 
Building file: ../src/Helloworld2.cpp
Invoking: Cross G++ Compiler
g++ -Wall -W -Werror g++ -O0 -g3 -Wall -c -fmessage-length=0 -MMD -MP -MF"src/Helloworld2.d" -MT"src/Helloworld2.d" -o "src/Helloworld2.o" "../src/Helloworld2.cpp"
g++: error: g++: No such file or directory
make: *** [src/Helloworld2.o] Error 1
13:18:02 **** Incremental Build of configuration Debug for project Tutorial ****
make all 
Building file: ../src/tutorial.cxx
Invoking: GCC C++ Compiler
g++ -O0 -g3 -Wall -c -fmessage-length=0 -MMD -MP -MF"src/tutorial.d" -MT"src/tutorial.d" -o "src/tutorial.o" "../src/tutorial.cxx"
In file included from ../src/tutorial.cxx:5:0:
../src/TutorialConfig.h.in:4:2: error: invalid preprocessing directive #cmakedefine
../src/tutorial.cxx:15:13: error: stray ‘@’ in program
../src/tutorial.cxx:15:13: error: stray ‘@’ in program
../src/tutorial.cxx:16:13: error: stray ‘@’ in program
../src/tutorial.cxx:16:13: error: stray ‘@’ in program
../src/tutorial.cxx: In function ‘int main(int, char**)’:
../src/tutorial.cxx:15:13: error: ‘Tutorial_VERSION_MAJOR’ was not declared in this scope
../src/tutorial.cxx:16:13: error: ‘Tutorial_VERSION_MINOR’ was not declared in this scope
make: *** [src/tutorial.o] Error 1
13:44:06 **** Incremental Build of configuration Debug for project Helloworld ****
make all 
make: Nothing to be done for `all'.
13:44:06 **** Incremental Build of configuration Debug for project Helloworld2 ****
make all 
Building file: ../src/Helloworld2.cpp
Invoking: Cross G++ Compiler
g++ -Wall -W -Werror g++ -O0 -g3 -Wall -c -fmessage-length=0 -MMD -MP -MF"src/Helloworld2.d" -MT"src/Helloworld2.d" -o "src/Helloworld2.o" "../src/Helloworld2.cpp"
g++: error: g++: No such file or directory
make: *** [src/Helloworld2.o] Error 1
13:44:06 **** Incremental Build of configuration Debug for project Tutorial ****
make all 
Building file: ../src/tutorial.cxx
Invoking: GCC C++ Compiler
g++ -O0 -g3 -Wall -c -fmessage-length=0 -MMD -MP -MF"src/tutorial.d" -MT"src/tutorial.d" -o "src/tutorial.o" "../src/tutorial.cxx"
In file included from ../src/tutorial.cxx:5:0:
../src/TutorialConfig.h.in:4:2: error: invalid preprocessing directive #cmakedefine
../src/tutorial.cxx:15:13: error: stray ‘@’ in program
../src/tutorial.cxx:15:13: error: stray ‘@’ in program
../src/tutorial.cxx:16:13: error: stray ‘@’ in program
../src/tutorial.cxx:16:13: error: stray ‘@’ in program
../src/tutorial.cxx: In function ‘int main(int, char**)’:
../src/tutorial.cxx:15:13: error: ‘Tutorial_VERSION_MAJOR’ was not declared in this scope
../src/tutorial.cxx:16:13: error: ‘Tutorial_VERSION_MINOR’ was not declared in this scope
make: *** [src/tutorial.o] Error 1
13:44:44 **** Incremental Build of configuration Debug for project Helloworld ****
make all 
make: Nothing to be done for `all'.
13:44:44 **** Incremental Build of configuration Debug for project Helloworld2 ****
make all 
Building file: ../src/Helloworld2.cpp
Invoking: Cross G++ Compiler
g++ -Wall -W -Werror g++ -O0 -g3 -Wall -c -fmessage-length=0 -MMD -MP -MF"src/Helloworld2.d" -MT"src/Helloworld2.d" -o "src/Helloworld2.o" "../src/Helloworld2.cpp"
g++: error: g++: No such file or directory
make: *** [src/Helloworld2.o] Error 1
13:44:45 **** Incremental Build of configuration Debug for project Tutorial ****
make all 
Building file: ../src/tutorial.cxx
Invoking: GCC C++ Compiler
g++ -O0 -g3 -Wall -c -fmessage-length=0 -MMD -MP -MF"src/tutorial.d" -MT"src/tutorial.d" -o "src/tutorial.o" "../src/tutorial.cxx"
In file included from ../src/tutorial.cxx:5:0:
../src/TutorialConfig.h.in:4:2: error: invalid preprocessing directive #cmakedefine
../src/tutorial.cxx:15:13: error: stray ‘@’ in program
../src/tutorial.cxx:15:13: error: stray ‘@’ in program
../src/tutorial.cxx:16:13: error: stray ‘@’ in program
../src/tutorial.cxx:16:13: error: stray ‘@’ in program
../src/tutorial.cxx: In function ‘int main(int, char**)’:
../src/tutorial.cxx:15:13: error: ‘Tutorial_VERSION_MAJOR’ was not declared in this scope
../src/tutorial.cxx:16:13: error: ‘Tutorial_VERSION_MINOR’ was not declared in this scope
make: *** [src/tutorial.o] Error 1
13:45:02 **** Incremental Build of configuration Debug for project Helloworld ****
make all 
make: Nothing to be done for `all'.
13:45:02 **** Incremental Build of configuration Debug for project Helloworld2 ****
make all 
Building file: ../src/Helloworld2.cpp
Invoking: Cross G++ Compiler
g++ -Wall -W -Werror g++ -O0 -g3 -Wall -c -fmessage-length=0 -MMD -MP -MF"src/Helloworld2.d" -MT"src/Helloworld2.d" -o "src/Helloworld2.o" "../src/Helloworld2.cpp"
g++: error: g++: No such file or directory
make: *** [src/Helloworld2.o] Error 1
13:45:02 **** Incremental Build of configuration Debug for project Tutorial ****
make all 
Building file: ../src/tutorial.cxx
Invoking: GCC C++ Compiler
g++ -O0 -g3 -Wall -c -fmessage-length=0 -MMD -MP -MF"src/tutorial.d" -MT"src/tutorial.d" -o "src/tutorial.o" "../src/tutorial.cxx"
../src/tutorial.cxx:5:31: fatal error: TutorialConfig.h.in: No such file or directory
compilation terminated.
make: *** [src/tutorial.o] Error 1
13:45:32 **** Incremental Build of configuration Debug for project Helloworld ****
make all 
make: Nothing to be done for `all'.
13:45:32 **** Incremental Build of configuration Debug for project Helloworld2 ****
make all 
Building file: ../src/Helloworld2.cpp
Invoking: Cross G++ Compiler
g++ -Wall -W -Werror g++ -O0 -g3 -Wall -c -fmessage-length=0 -MMD -MP -MF"src/Helloworld2.d" -MT"src/Helloworld2.d" -o "src/Helloworld2.o" "../src/Helloworld2.cpp"
g++: error: g++: No such file or directory
make: *** [src/Helloworld2.o] Error 1
13:45:32 **** Incremental Build of configuration Debug for project Tutorial ****
make all 
Building file: ../src/tutorial.cxx
Invoking: GCC C++ Compiler
g++ -O0 -g3 -Wall -c -fmessage-length=0 -MMD -MP -MF"src/tutorial.d" -MT"src/tutorial.d" -o "src/tutorial.o" "../src/tutorial.cxx"
In file included from ../src/tutorial.cxx:5:0:
../src/TutorialConfig.h.in:4:2: error: invalid preprocessing directive #cmakedefine
../src/tutorial.cxx:15:13: error: stray ‘@’ in program
../src/tutorial.cxx:15:13: error: stray ‘@’ in program
../src/tutorial.cxx:16:13: error: stray ‘@’ in program
../src/tutorial.cxx:16:13: error: stray ‘@’ in program
../src/tutorial.cxx: In function ‘int main(int, char**)’:
../src/tutorial.cxx:15:13: error: ‘Tutorial_VERSION_MAJOR’ was not declared in this scope
../src/tutorial.cxx:16:13: error: ‘Tutorial_VERSION_MINOR’ was not declared in this scope
make: *** [src/tutorial.o] Error 1
13:48:20 **** Incremental Build of configuration Debug for project Helloworld ****
make all 
make: Nothing to be done for `all'.
13:48:20 **** Incremental Build of configuration Debug for project Helloworld2 ****
make all 
Building file: ../src/Helloworld2.cpp
Invoking: Cross G++ Compiler
g++ -Wall -W -Werror g++ -O0 -g3 -Wall -c -fmessage-length=0 -MMD -MP -MF"src/Helloworld2.d" -MT"src/Helloworld2.d" -o "src/Helloworld2.o" "../src/Helloworld2.cpp"
g++: error: g++: No such file or directory
make: *** [src/Helloworld2.o] Error 1
13:48:20 **** Incremental Build of configuration Debug for project Tutorial ****
make all 
Building file: ../tutorial.cxx
Invoking: GCC C++ Compiler
g++ -O0 -g3 -Wall -c -fmessage-length=0 -MMD -MP -MF"tutorial.d" -MT"tutorial.d" -o "tutorial.o" "../tutorial.cxx"
../tutorial.cxx:5:31: fatal error: TutorialConfig.h.in: No such file or directory
compilation terminated.
make: *** [tutorial.o] Error 1
13:49:00 **** Incremental Build of configuration Debug for project Helloworld ****
make all 
make: Nothing to be done for `all'.
13:49:00 **** Incremental Build of configuration Debug for project Helloworld2 ****
make all 
Building file: ../src/Helloworld2.cpp
Invoking: Cross G++ Compiler
g++ -Wall -W -Werror g++ -O0 -g3 -Wall -c -fmessage-length=0 -MMD -MP -MF"src/Helloworld2.d" -MT"src/Helloworld2.d" -o "src/Helloworld2.o" "../src/Helloworld2.cpp"
g++: error: g++: No such file or directory
make: *** [src/Helloworld2.o] Error 1
13:49:00 **** Incremental Build of configuration Debug for project Tutorial ****
make all 
Building file: ../tutorial.cxx
Invoking: GCC C++ Compiler
g++ -O0 -g3 -Wall -c -fmessage-length=0 -MMD -MP -MF"tutorial.d" -MT"tutorial.d" -o "tutorial.o" "../tutorial.cxx"
../tutorial.cxx:5:38: fatal error: ../src/TutorialConfig.h.in: No such file or directory
compilation terminated.
make: *** [tutorial.o] Error 1
13:50:27 **** Incremental Build of configuration Debug for project Helloworld ****
make all 
make: Nothing to be done for `all'.
13:50:27 **** Incremental Build of configuration Debug for project Helloworld2 ****
make all 
Building file: ../src/Helloworld2.cpp
Invoking: Cross G++ Compiler
g++ -Wall -W -Werror g++ -O0 -g3 -Wall -c -fmessage-length=0 -MMD -MP -MF"src/Helloworld2.d" -MT"src/Helloworld2.d" -o "src/Helloworld2.o" "../src/Helloworld2.cpp"
g++: error: g++: No such file or directory
make: *** [src/Helloworld2.o] Error 1
13:50:27 **** Incremental Build of configuration Debug for project Tutorial ****
make all 
Building file: ../src/tutorial.cxx
Invoking: GCC C++ Compiler
g++ -O0 -g3 -Wall -c -fmessage-length=0 -MMD -MP -MF"src/tutorial.d" -MT"src/tutorial.d" -o "src/tutorial.o" "../src/tutorial.cxx"
In file included from ../src/tutorial.cxx:5:0:
../src/TutorialConfig.h.in:4:2: error: invalid preprocessing directive #cmakedefine
../src/tutorial.cxx:15:13: error: stray ‘@’ in program
../src/tutorial.cxx:15:13: error: stray ‘@’ in program
../src/tutorial.cxx:16:13: error: stray ‘@’ in program
../src/tutorial.cxx:16:13: error: stray ‘@’ in program
../src/tutorial.cxx: In function ‘int main(int, char**)’:
../src/tutorial.cxx:15:13: error: ‘Tutorial_VERSION_MAJOR’ was not declared in this scope
../src/tutorial.cxx:16:13: error: ‘Tutorial_VERSION_MINOR’ was not declared in this scope
make: *** [src/tutorial.o] Error 1
13:51:43 **** Incremental Build of configuration Debug for project Helloworld ****
make all 
make: Nothing to be done for `all'.
13:51:43 **** Incremental Build of configuration Debug for project Helloworld2 ****
make all 
Building file: ../src/Helloworld2.cpp
Invoking: Cross G++ Compiler
g++ -Wall -W -Werror g++ -O0 -g3 -Wall -c -fmessage-length=0 -MMD -MP -MF"src/Helloworld2.d" -MT"src/Helloworld2.d" -o "src/Helloworld2.o" "../src/Helloworld2.cpp"
g++: error: g++: No such file or directory
make: *** [src/Helloworld2.o] Error 1
13:51:43 **** Incremental Build of configuration Debug for project Tutorial ****
make all 
Building file: ../src/tutorial.cxx
Invoking: GCC C++ Compiler
g++ -O0 -g3 -Wall -c -fmessage-length=0 -MMD -MP -MF"src/tutorial.d" -MT"src/tutorial.d" -o "src/tutorial.o" "../src/tutorial.cxx"
In file included from ../src/tutorial.cxx:5:0:
../src/TutorialConfig.h.in:4:2: error: invalid preprocessing directive #cmakedefine
../src/tutorial.cxx:15:13: error: stray ‘@’ in program
../src/tutorial.cxx:15:13: error: stray ‘@’ in program
../src/tutorial.cxx:16:13: error: stray ‘@’ in program
../src/tutorial.cxx:16:13: error: stray ‘@’ in program
../src/tutorial.cxx: In function ‘int main(int, char**)’:
../src/tutorial.cxx:15:13: error: ‘Tutorial_VERSION_MAJOR’ was not declared in this scope
../src/tutorial.cxx:16:13: error: ‘Tutorial_VERSION_MINOR’ was not declared in this scope
make: *** [src/tutorial.o] Error 1
13:53:48 **** Incremental Build of configuration Debug for project Helloworld ****
make all 
make: Nothing to be done for `all'.
13:53:48 **** Incremental Build of configuration Debug for project Helloworld2 ****
make all 
Building file: ../src/Helloworld2.cpp
Invoking: Cross G++ Compiler
g++ -Wall -W -Werror g++ -O0 -g3 -Wall -c -fmessage-length=0 -MMD -MP -MF"src/Helloworld2.d" -MT"src/Helloworld2.d" -o "src/Helloworld2.o" "../src/Helloworld2.cpp"
g++: error: g++: No such file or directory
make: *** [src/Helloworld2.o] Error 1
13:53:48 **** Incremental Build of configuration Debug for project Tutorial ****
make all 
Building file: ../src/tutorial.cxx
Invoking: GCC C++ Compiler
g++ -O0 -g3 -Wall -c -fmessage-length=0 -MMD -MP -MF"src/tutorial.d" -MT"src/tutorial.d" -o "src/tutorial.o" "../src/tutorial.cxx"
In file included from ../src/tutorial.cxx:5:0:
../src/TutorialConfig.h.in:4:2: error: invalid preprocessing directive #cmakedefine
../src/tutorial.cxx:15:13: error: stray ‘@’ in program
../src/tutorial.cxx:15:13: error: stray ‘@’ in program
../src/tutorial.cxx:16:13: error: stray ‘@’ in program
../src/tutorial.cxx:16:13: error: stray ‘@’ in program
../src/tutorial.cxx: In function ‘int main(int, char**)’:
../src/tutorial.cxx:15:13: error: ‘Tutorial_VERSION_MAJOR’ was not declared in this scope
../src/tutorial.cxx:16:13: error: ‘Tutorial_VERSION_MINOR’ was not declared in this scope
make: *** [src/tutorial.o] Error 1
13:54:11 **** Incremental Build of configuration Debug for project Helloworld ****
make all 
make: Nothing to be done for `all'.
13:54:12 **** Incremental Build of configuration Debug for project Helloworld2 ****
make all 
Building file: ../src/Helloworld2.cpp
Invoking: Cross G++ Compiler
g++ -Wall -W -Werror g++ -O0 -g3 -Wall -c -fmessage-length=0 -MMD -MP -MF"src/Helloworld2.d" -MT"src/Helloworld2.d" -o "src/Helloworld2.o" "../src/Helloworld2.cpp"
g++: error: g++: No such file or directory
make: *** [src/Helloworld2.o] Error 1
13:54:12 **** Incremental Build of configuration Debug for project Tutorial ****
make all 
Building file: ../src/tutorial.cxx
Invoking: GCC C++ Compiler
g++ -O0 -g3 -Wall -c -fmessage-length=0 -MMD -MP -MF"src/tutorial.d" -MT"src/tutorial.d" -o "src/tutorial.o" "../src/tutorial.cxx"
In file included from ../src/tutorial.cxx:5:0:
../src/TutorialConfig.h.in:4:2: error: invalid preprocessing directive #cmakedefine
../src/tutorial.cxx:15:13: error: stray ‘@’ in program
../src/tutorial.cxx:15:13: error: stray ‘@’ in program
../src/tutorial.cxx:16:13: error: stray ‘@’ in program
../src/tutorial.cxx:16:13: error: stray ‘@’ in program
../src/tutorial.cxx: In function ‘int main(int, char**)’:
../src/tutorial.cxx:15:13: error: ‘Tutorial_VERSION_MAJOR’ was not declared in this scope
../src/tutorial.cxx:16:13: error: ‘Tutorial_VERSION_MINOR’ was not declared in this scope
make: *** [src/tutorial.o] Error 1
14:00:54 **** Incremental Build of configuration Debug for project Helloworld ****
make all 
make: Nothing to be done for `all'.
14:00:54 **** Incremental Build of configuration Debug for project Helloworld2 ****
make all 
Building file: ../src/Helloworld2.cpp
Invoking: Cross G++ Compiler
g++ -Wall -W -Werror g++ -O0 -g3 -Wall -c -fmessage-length=0 -MMD -MP -MF"src/Helloworld2.d" -MT"src/Helloworld2.d" -o "src/Helloworld2.o" "../src/Helloworld2.cpp"
g++: error: g++: No such file or directory
make: *** [src/Helloworld2.o] Error 1
14:00:54 **** Incremental Build of configuration Debug for project Tutorial ****
make all 
Building file: ../src/tutorial.cxx
Invoking: GCC C++ Compiler
g++ -O0 -g3 -Wall -c -fmessage-length=0 -MMD -MP -MF"src/tutorial.d" -MT"src/tutorial.d" -o "src/tutorial.o" "../src/tutorial.cxx"
In file included from ../src/tutorial.cxx:5:0:
../src/TutorialConfig.h.in:4:2: error: invalid preprocessing directive #cmakedefine
../src/tutorial.cxx:15:13: error: stray ‘@’ in program
../src/tutorial.cxx:15:13: error: stray ‘@’ in program
../src/tutorial.cxx:16:13: error: stray ‘@’ in program
../src/tutorial.cxx:16:13: error: stray ‘@’ in program
../src/tutorial.cxx: In function ‘int main(int, char**)’:
../src/tutorial.cxx:15:13: error: ‘Tutorial_VERSION_MAJOR’ was not declared in this scope
../src/tutorial.cxx:16:13: error: ‘Tutorial_VERSION_MINOR’ was not declared in this scope
make: *** [src/tutorial.o] Error 1
14:03:05 **** Incremental Build of configuration Debug for project Helloworld ****
make all 
make: Nothing to be done for `all'.
14:03:05 **** Incremental Build of configuration Debug for project Helloworld2 ****
make all 
Building file: ../src/Helloworld2.cpp
g++: error: g++: No such file or directory
Invoking: Cross G++ Compiler
g++ -Wall -W -Werror g++ -O0 -g3 -Wall -c -fmessage-length=0 -MMD -MP -MF"src/Helloworld2.d" -MT"src/Helloworld2.d" -o "src/Helloworld2.o" "../src/Helloworld2.cpp"
make: *** [src/Helloworld2.o] Error 1
14:03:05 **** Incremental Build of configuration Debug for project Tutorial ****
make all 
Building file: ../src/CMakeFiles/CompilerIdCXX/CMakeCXXCompilerId.cpp
Invoking: GCC C++ Compiler
g++ -O0 -g3 -Wall -c -fmessage-length=0 -MMD -MP -MF"src/CMakeFiles/CompilerIdCXX/CMakeCXXCompilerId.d" -MT"src/CMakeFiles/CompilerIdCXX/CMakeCXXCompilerId.d" -o "src/CMakeFiles/CompilerIdCXX/CMakeCXXCompilerId.o" "../src/CMakeFiles/CompilerIdCXX/CMakeCXXCompilerId.cpp"
Finished building: ../src/CMakeFiles/CompilerIdCXX/CMakeCXXCompilerId.cpp
 
Building file: ../src/CMakeFiles/CompilerIdC/CMakeCCompilerId.c
Invoking: GCC C Compiler
gcc -O0 -g3 -Wall -c -fmessage-length=0 -MMD -MP -MF"src/CMakeFiles/CompilerIdC/CMakeCCompilerId.d" -MT"src/CMakeFiles/CompilerIdC/CMakeCCompilerId.d" -o "src/CMakeFiles/CompilerIdC/CMakeCCompilerId.o" "../src/CMakeFiles/CompilerIdC/CMakeCCompilerId.c"
Finished building: ../src/CMakeFiles/CompilerIdC/CMakeCCompilerId.c
 
Building file: ../src/tutorial.cxx
Invoking: GCC C++ Compiler
g++ -O0 -g3 -Wall -c -fmessage-length=0 -MMD -MP -MF"src/tutorial.d" -MT"src/tutorial.d" -o "src/tutorial.o" "../src/tutorial.cxx"
../src/tutorial.cxx:7:27: fatal error: MathFunctions.h: No such file or directory
compilation terminated.
make: *** [src/tutorial.o] Error 1
14:03:24 **** Incremental Build of configuration Debug for project Helloworld ****
make all 
make: Nothing to be done for `all'.
14:03:24 **** Incremental Build of configuration Debug for project Helloworld2 ****
make all 
Building file: ../src/Helloworld2.cpp
Invoking: Cross G++ Compiler
g++ -Wall -W -Werror g++ -O0 -g3 -Wall -c -fmessage-length=0 -MMD -MP -MF"src/Helloworld2.d" -MT"src/Helloworld2.d" -o "src/Helloworld2.o" "../src/Helloworld2.cpp"
g++: error: g++: No such file or directory
make: *** [src/Helloworld2.o] Error 1
14:03:24 **** Incremental Build of configuration Debug for project Tutorial ****
make all 
Building file: ../src/tutorial.cxx
Invoking: GCC C++ Compiler
g++ -O0 -g3 -Wall -c -fmessage-length=0 -MMD -MP -MF"src/tutorial.d" -MT"src/tutorial.d" -o "src/tutorial.o" "../src/tutorial.cxx"
../src/tutorial.cxx:7:27: fatal error: MathFunctions.h: No such file or directory
compilation terminated.
make: *** [src/tutorial.o] Error 1
14:05:06 **** Incremental Build of configuration Debug for project Helloworld ****
make all 
make: Nothing to be done for `all'.
14:05:06 **** Incremental Build of configuration Debug for project Helloworld2 ****
make all 
Building file: ../src/Helloworld2.cpp
Invoking: Cross G++ Compiler
g++ -Wall -W -Werror g++ -O0 -g3 -Wall -c -fmessage-length=0 -MMD -MP -MF"src/Helloworld2.d" -MT"src/Helloworld2.d" -o "src/Helloworld2.o" "../src/Helloworld2.cpp"
g++: error: g++: No such file or directory
make: *** [src/Helloworld2.o] Error 1
14:05:06 **** Incremental Build of configuration Debug for project Tutorial ****
make all 
Building file: ../src/tutorial.cxx
Invoking: GCC C++ Compiler
g++ -O0 -g3 -Wall -c -fmessage-length=0 -MMD -MP -MF"src/tutorial.d" -MT"src/tutorial.d" -o "src/tutorial.o" "../src/tutorial.cxx"
../src/tutorial.cxx:7:27: fatal error: MathFunctions.h: No such file or directory
compilation terminated.
make: *** [src/tutorial.o] Error 1
14:06:15 **** Incremental Build of configuration Debug for project Helloworld ****
make all 
make: Nothing to be done for `all'.
14:06:15 **** Incremental Build of configuration Debug for project Helloworld2 ****
make all 
Building file: ../src/Helloworld2.cpp
Invoking: Cross G++ Compiler
g++ -Wall -W -Werror g++ -O0 -g3 -Wall -c -fmessage-length=0 -MMD -MP -MF"src/Helloworld2.d" -MT"src/Helloworld2.d" -o "src/Helloworld2.o" "../src/Helloworld2.cpp"
g++: error: g++: No such file or directory
make: *** [src/Helloworld2.o] Error 1
14:06:15 **** Incremental Build of configuration Debug for project Tutorial ****
make all 
Building file: ../src/tutorial.cxx
Invoking: GCC C++ Compiler
g++ -O0 -g3 -Wall -c -fmessage-length=0 -MMD -MP -MF"src/tutorial.d" -MT"src/tutorial.d" -o "src/tutorial.o" "../src/tutorial.cxx"
Finished building: ../src/tutorial.cxx
 
Building target: Tutorial
Invoking: GCC C++ Linker
g++  -o "Tutorial"  ./src/MathFunctions/mysqrt.o  ./src/CMakeFiles/CompilerIdCXX/CMakeCXXCompilerId.o  ./src/CMakeFiles/CompilerIdC/CMakeCCompilerId.o  ./src/tutorial.o   
./src/CMakeFiles/CompilerIdC/CMakeCCompilerId.o:(.data+0x0): multiple definition of `info_compiler'
./src/CMakeFiles/CompilerIdCXX/CMakeCXXCompilerId.o:(.data+0x0): first defined here
./src/CMakeFiles/CompilerIdC/CMakeCCompilerId.o:(.data+0x4): multiple definition of `info_platform'
./src/CMakeFiles/CompilerIdCXX/CMakeCXXCompilerId.o:(.data+0x4): first defined here
./src/CMakeFiles/CompilerIdC/CMakeCCompilerId.o:(.data+0x8): multiple definition of `info_arch'
./src/CMakeFiles/CompilerIdCXX/CMakeCXXCompilerId.o:(.data+0x8): first defined here
./src/CMakeFiles/CompilerIdC/CMakeCCompilerId.o: In function `main':
/home/marcos/Eclipse/bosch/workspace/Tutorial/Debug/../src/CMakeFiles/CompilerIdC/CMakeCCompilerId.c:224: multiple definition of `main'
./src/CMakeFiles/CompilerIdCXX/CMakeCXXCompilerId.o:/home/marcos/Eclipse/bosch/workspace/Tutorial/Debug/../src/CMakeFiles/CompilerIdCXX/CMakeCXXCompilerId.cpp:209: first defined here
./src/tutorial.o: In function `main':
/home/marcos/Eclipse/bosch/workspace/Tutorial/Debug/../src/tutorial.cxx:11: multiple definition of `main'
./src/CMakeFiles/CompilerIdCXX/CMakeCXXCompilerId.o:/home/marcos/Eclipse/bosch/workspace/Tutorial/Debug/../src/CMakeFiles/CompilerIdCXX/CMakeCXXCompilerId.cpp:209: first defined here
collect2: ld returned 1 exit status
make: *** [Tutorial] Error 1
20:12:21 **** Incremental Build of configuration Debug for project Helloworld ****
make all 
make: Nothing to be done for `all'.
20:12:21 **** Incremental Build of configuration Debug for project Helloworld2 ****
make all 
Building file: ../src/Helloworld2.cpp
Invoking: Cross G++ Compiler
g++ -Wall -W -Werror g++ -O0 -g3 -Wall -c -fmessage-length=0 -MMD -MP -MF"src/Helloworld2.d" -MT"src/Helloworld2.d" -o "src/Helloworld2.o" "../src/Helloworld2.cpp"
g++: error: g++: No such file or directory
make: *** [src/Helloworld2.o] Error 1
20:12:21 **** Build of configuration Debug for project Tutorial ****
make all 
Building target: Tutorial
Invoking: GCC C++ Linker
g++  -o "Tutorial"  ./src/MathFunctions/mysqrt.o  ./src/CMakeFiles/CompilerIdCXX/CMakeCXXCompilerId.o  ./src/CMakeFiles/CompilerIdC/CMakeCCompilerId.o  ./src/tutorial.o   
./src/CMakeFiles/CompilerIdC/CMakeCCompilerId.o:(.data+0x0): multiple definition of `info_compiler'
./src/CMakeFiles/CompilerIdCXX/CMakeCXXCompilerId.o:(.data+0x0): first defined here
./src/CMakeFiles/CompilerIdC/CMakeCCompilerId.o:(.data+0x4): multiple definition of `info_platform'
./src/CMakeFiles/CompilerIdCXX/CMakeCXXCompilerId.o:(.data+0x4): first defined here
./src/CMakeFiles/CompilerIdC/CMakeCCompilerId.o:(.data+0x8): multiple definition of `info_arch'
./src/CMakeFiles/CompilerIdCXX/CMakeCXXCompilerId.o:(.data+0x8): first defined here
./src/CMakeFiles/CompilerIdC/CMakeCCompilerId.o: In function `main':
/home/marcos/Eclipse/bosch/workspace/Tutorial/Debug/../src/CMakeFiles/CompilerIdC/CMakeCCompilerId.c:224: multiple definition of `main'
./src/CMakeFiles/CompilerIdCXX/CMakeCXXCompilerId.o:/home/marcos/Eclipse/bosch/workspace/Tutorial/Debug/../src/CMakeFiles/CompilerIdCXX/CMakeCXXCompilerId.cpp:209: first defined here
./src/tutorial.o: In function `main':
/home/marcos/Eclipse/bosch/workspace/Tutorial/Debug/../src/tutorial.cxx:11: multiple definition of `main'
./src/CMakeFiles/CompilerIdCXX/CMakeCXXCompilerId.o:/home/marcos/Eclipse/bosch/workspace/Tutorial/Debug/../src/CMakeFiles/CompilerIdCXX/CMakeCXXCompilerId.cpp:209: first defined here
collect2: ld returned 1 exit status
make: *** [Tutorial] Error 1
20:12:41 **** Incremental Build of configuration Debug for project Helloworld ****
make all 
make: Nothing to be done for `all'.
20:12:41 **** Incremental Build of configuration Debug for project Helloworld2 ****
make all 
Building file: ../src/Helloworld2.cpp
Invoking: Cross G++ Compiler
g++ -Wall -W -Werror g++ -O0 -g3 -Wall -c -fmessage-length=0 -MMD -MP -MF"src/Helloworld2.d" -MT"src/Helloworld2.d" -o "src/Helloworld2.o" "../src/Helloworld2.cpp"
g++: error: g++: No such file or directory
make: *** [src/Helloworld2.o] Error 1
20:12:41 **** Incremental Build of configuration Debug for project Tutorial ****
make all 
Building target: Tutorial
Invoking: GCC C++ Linker
g++  -o "Tutorial"  ./src/MathFunctions/mysqrt.o  ./src/CMakeFiles/CompilerIdCXX/CMakeCXXCompilerId.o  ./src/CMakeFiles/CompilerIdC/CMakeCCompilerId.o  ./src/tutorial.o   
./src/CMakeFiles/CompilerIdC/CMakeCCompilerId.o:(.data+0x0): multiple definition of `info_compiler'
./src/CMakeFiles/CompilerIdCXX/CMakeCXXCompilerId.o:(.data+0x0): first defined here
./src/CMakeFiles/CompilerIdC/CMakeCCompilerId.o:(.data+0x4): multiple definition of `info_platform'
./src/CMakeFiles/CompilerIdCXX/CMakeCXXCompilerId.o:(.data+0x4): first defined here
./src/CMakeFiles/CompilerIdC/CMakeCCompilerId.o:(.data+0x8): multiple definition of `info_arch'
./src/CMakeFiles/CompilerIdCXX/CMakeCXXCompilerId.o:(.data+0x8): first defined here
./src/CMakeFiles/CompilerIdC/CMakeCCompilerId.o: In function `main':
/home/marcos/Eclipse/bosch/workspace/Tutorial/Debug/../src/CMakeFiles/CompilerIdC/CMakeCCompilerId.c:224: multiple definition of `main'
./src/CMakeFiles/CompilerIdCXX/CMakeCXXCompilerId.o:/home/marcos/Eclipse/bosch/workspace/Tutorial/Debug/../src/CMakeFiles/CompilerIdCXX/CMakeCXXCompilerId.cpp:209: first defined here
./src/tutorial.o: In function `main':
/home/marcos/Eclipse/bosch/workspace/Tutorial/Debug/../src/tutorial.cxx:11: multiple definition of `main'
./src/CMakeFiles/CompilerIdCXX/CMakeCXXCompilerId.o:/home/marcos/Eclipse/bosch/workspace/Tutorial/Debug/../src/CMakeFiles/CompilerIdCXX/CMakeCXXCompilerId.cpp:209: first defined here
collect2: ld returned 1 exit status
make: *** [Tutorial] Error 1
20:14:05 **** Clean-only build of configuration Debug for project Tutorial ****
make clean 
rm -rf  ./src/MathFunctions/mysqrt.o  ./src/CMakeFiles/CompilerIdCXX/CMakeCXXCompilerId.o  ./src/CMakeFiles/CompilerIdC/CMakeCCompilerId.o  ./src/tutorial.o  ./src/CMakeFiles/CompilerIdC/CMakeCCompilerId.d  ./src/CMakeFiles/CompilerIdCXX/CMakeCXXCompilerId.d  ./src/MathFunctions/mysqrt.d  ./src/tutorial.d  Tutorial
 
20:14:08 **** Incremental Build of configuration Debug for project Helloworld ****
make all 
make: Nothing to be done for `all'.
20:14:09 **** Incremental Build of configuration Debug for project Helloworld2 ****
make all 
Building file: ../src/Helloworld2.cpp
Invoking: Cross G++ Compiler
g++ -Wall -W -Werror g++ -O0 -g3 -Wall -c -fmessage-length=0 -MMD -MP -MF"src/Helloworld2.d" -MT"src/Helloworld2.d" -o "src/Helloworld2.o" "../src/Helloworld2.cpp"
g++: error: g++: No such file or directory
make: *** [src/Helloworld2.o] Error 1
20:14:09 **** Build of configuration Debug for project Tutorial ****
make all 
Building file: ../src/MathFunctions/mysqrt.cxx
Invoking: GCC C++ Compiler
g++ -O0 -g3 -Wall -c -fmessage-length=0 -MMD -MP -MF"src/MathFunctions/mysqrt.d" -MT"src/MathFunctions/mysqrt.d" -o "src/MathFunctions/mysqrt.o" "../src/MathFunctions/mysqrt.cxx"
Finished building: ../src/MathFunctions/mysqrt.cxx
 
Building file: ../src/CMakeFiles/CompilerIdCXX/CMakeCXXCompilerId.cpp
Invoking: GCC C++ Compiler
g++ -O0 -g3 -Wall -c -fmessage-length=0 -MMD -MP -MF"src/CMakeFiles/CompilerIdCXX/CMakeCXXCompilerId.d" -MT"src/CMakeFiles/CompilerIdCXX/CMakeCXXCompilerId.d" -o "src/CMakeFiles/CompilerIdCXX/CMakeCXXCompilerId.o" "../src/CMakeFiles/CompilerIdCXX/CMakeCXXCompilerId.cpp"
Finished building: ../src/CMakeFiles/CompilerIdCXX/CMakeCXXCompilerId.cpp
 
Building file: ../src/CMakeFiles/CompilerIdC/CMakeCCompilerId.c
Invoking: GCC C Compiler
gcc -O0 -g3 -Wall -c -fmessage-length=0 -MMD -MP -MF"src/CMakeFiles/CompilerIdC/CMakeCCompilerId.d" -MT"src/CMakeFiles/CompilerIdC/CMakeCCompilerId.d" -o "src/CMakeFiles/CompilerIdC/CMakeCCompilerId.o" "../src/CMakeFiles/CompilerIdC/CMakeCCompilerId.c"
Finished building: ../src/CMakeFiles/CompilerIdC/CMakeCCompilerId.c
 
Building file: ../src/tutorial.cxx
Invoking: GCC C++ Compiler
g++ -O0 -g3 -Wall -c -fmessage-length=0 -MMD -MP -MF"src/tutorial.d" -MT"src/tutorial.d" -o "src/tutorial.o" "../src/tutorial.cxx"
Finished building: ../src/tutorial.cxx
 
Building target: Tutorial
Invoking: GCC C++ Linker
g++  -o "Tutorial"  ./src/MathFunctions/mysqrt.o  ./src/CMakeFiles/CompilerIdCXX/CMakeCXXCompilerId.o  ./src/CMakeFiles/CompilerIdC/CMakeCCompilerId.o  ./src/tutorial.o   
./src/CMakeFiles/CompilerIdC/CMakeCCompilerId.o:(.data+0x0): multiple definition of `info_compiler'
./src/CMakeFiles/CompilerIdCXX/CMakeCXXCompilerId.o:(.data+0x0): first defined here
./src/CMakeFiles/CompilerIdC/CMakeCCompilerId.o:(.data+0x4): multiple definition of `info_platform'
./src/CMakeFiles/CompilerIdCXX/CMakeCXXCompilerId.o:(.data+0x4): first defined here
./src/CMakeFiles/CompilerIdC/CMakeCCompilerId.o:(.data+0x8): multiple definition of `info_arch'
./src/CMakeFiles/CompilerIdCXX/CMakeCXXCompilerId.o:(.data+0x8): first defined here
./src/CMakeFiles/CompilerIdC/CMakeCCompilerId.o: In function `main':
/home/marcos/Eclipse/bosch/workspace/Tutorial/Debug/../src/CMakeFiles/CompilerIdC/CMakeCCompilerId.c:224: multiple definition of `main'
./src/CMakeFiles/CompilerIdCXX/CMakeCXXCompilerId.o:/home/marcos/Eclipse/bosch/workspace/Tutorial/Debug/../src/CMakeFiles/CompilerIdCXX/CMakeCXXCompilerId.cpp:209: first defined here
./src/tutorial.o: In function `main':
/home/marcos/Eclipse/bosch/workspace/Tutorial/Debug/../src/tutorial.cxx:11: multiple definition of `main'
./src/CMakeFiles/CompilerIdCXX/CMakeCXXCompilerId.o:/home/marcos/Eclipse/bosch/workspace/Tutorial/Debug/../src/CMakeFiles/CompilerIdCXX/CMakeCXXCompilerId.cpp:209: first defined here
collect2: ld returned 1 exit status
make: *** [Tutorial] Error 1
20:16:07 **** Incremental Build of configuration Debug for project Helloworld ****
make all 
make: Nothing to be done for `all'.
20:16:07 **** Incremental Build of configuration Debug for project Helloworld2 ****
make all 
Building file: ../src/Helloworld2.cpp
Invoking: Cross G++ Compiler
g++ -Wall -W -Werror g++ -O0 -g3 -Wall -c -fmessage-length=0 -MMD -MP -MF"src/Helloworld2.d" -MT"src/Helloworld2.d" -o "src/Helloworld2.o" "../src/Helloworld2.cpp"
g++: error: g++: No such file or directory
make: *** [src/Helloworld2.o] Error 1
20:16:07 **** Incremental Build of configuration Debug for project Tutorial ****
make all 
Building target: Tutorial
Invoking: GCC C++ Linker
g++  -o "Tutorial"  ./src/MathFunctions/mysqrt.o  ./src/tutorial.o   
Finished building target: Tutorial
 
20:16:34 **** Clean-only build of configuration Debug for project Tutorial ****
make clean 
rm -rf  ./src/MathFunctions/mysqrt.o  ./src/tutorial.o  ./src/MathFunctions/mysqrt.d  ./src/tutorial.d  Tutorial
 
20:16:34 **** Incremental Build of configuration Debug for project Tutorial ****
make all 
Building file: ../src/MathFunctions/mysqrt.cxx
Invoking: GCC C++ Compiler
g++ -O0 -g3 -Wall -c -fmessage-length=0 -MMD -MP -MF"src/MathFunctions/mysqrt.d" -MT"src/MathFunctions/mysqrt.d" -o "src/MathFunctions/mysqrt.o" "../src/MathFunctions/mysqrt.cxx"
Finished building: ../src/MathFunctions/mysqrt.cxx
 
Building file: ../src/tutorial.cxx
Invoking: GCC C++ Compiler
g++ -O0 -g3 -Wall -c -fmessage-length=0 -MMD -MP -MF"src/tutorial.d" -MT"src/tutorial.d" -o "src/tutorial.o" "../src/tutorial.cxx"
Finished building: ../src/tutorial.cxx
 
Building target: Tutorial
Invoking: GCC C++ Linker
g++  -o "Tutorial"  ./src/MathFunctions/mysqrt.o  ./src/tutorial.o   
Finished building target: Tutorial
 
20:16:46 **** Clean-only build of configuration Debug for project Tutorial ****
make clean 
rm -rf  ./src/MathFunctions/mysqrt.o  ./src/tutorial.o  ./src/MathFunctions/mysqrt.d  ./src/tutorial.d  Tutorial
 
20:16:51 **** Incremental Build of configuration Debug for project Helloworld ****
make all 
make: Nothing to be done for `all'.
20:16:51 **** Incremental Build of configuration Debug for project Helloworld2 ****
make all 
Building file: ../src/Helloworld2.cpp
g++: error: g++: No such file or directory
make: *** [src/Helloworld2.o] Error 1
Invoking: Cross G++ Compiler
g++ -Wall -W -Werror g++ -O0 -g3 -Wall -c -fmessage-length=0 -MMD -MP -MF"src/Helloworld2.d" -MT"src/Helloworld2.d" -o "src/Helloworld2.o" "../src/Helloworld2.cpp"
20:16:52 **** Build of configuration Debug for project Tutorial ****
make all 
Building file: ../src/MathFunctions/mysqrt.cxx
Invoking: GCC C++ Compiler
g++ -O0 -g3 -Wall -c -fmessage-length=0 -MMD -MP -MF"src/MathFunctions/mysqrt.d" -MT"src/MathFunctions/mysqrt.d" -o "src/MathFunctions/mysqrt.o" "../src/MathFunctions/mysqrt.cxx"
Finished building: ../src/MathFunctions/mysqrt.cxx
 
Building file: ../src/tutorial.cxx
Invoking: GCC C++ Compiler
g++ -O0 -g3 -Wall -c -fmessage-length=0 -MMD -MP -MF"src/tutorial.d" -MT"src/tutorial.d" -o "src/tutorial.o" "../src/tutorial.cxx"
Finished building: ../src/tutorial.cxx
 
Building target: Tutorial
Invoking: GCC C++ Linker
g++  -o "Tutorial"  ./src/MathFunctions/mysqrt.o  ./src/tutorial.o   
Finished building target: Tutorial
 
20:17:03 **** Clean-only build of configuration Debug for project Tutorial ****
make clean 
rm -rf  ./src/MathFunctions/mysqrt.o  ./src/tutorial.o  ./src/MathFunctions/mysqrt.d  ./src/tutorial.d  Tutorial
 
20:17:15 **** Incremental Build of configuration Debug for project Helloworld ****
make all 
make: Nothing to be done for `all'.
20:17:15 **** Incremental Build of configuration Debug for project Helloworld2 ****
make all 
Building file: ../src/Helloworld2.cpp
Invoking: Cross G++ Compiler
g++ -Wall -W -Werror g++ -O0 -g3 -Wall -c -fmessage-length=0 -MMD -MP -MF"src/Helloworld2.d" -MT"src/Helloworld2.d" -o "src/Helloworld2.o" "../src/Helloworld2.cpp"
g++: error: g++: No such file or directory
make: *** [src/Helloworld2.o] Error 1
20:17:15 **** Build of configuration Debug for project Tutorial ****
make all 
Building file: ../src/MathFunctions/mysqrt.cxx
Invoking: GCC C++ Compiler
g++ -O0 -g3 -Wall -c -fmessage-length=0 -MMD -MP -MF"src/MathFunctions/mysqrt.d" -MT"src/MathFunctions/mysqrt.d" -o "src/MathFunctions/mysqrt.o" "../src/MathFunctions/mysqrt.cxx"
Finished building: ../src/MathFunctions/mysqrt.cxx
 
Building file: ../src/tutorial.cxx
Invoking: GCC C++ Compiler
g++ -O0 -g3 -Wall -c -fmessage-length=0 -MMD -MP -MF"src/tutorial.d" -MT"src/tutorial.d" -o "src/tutorial.o" "../src/tutorial.cxx"
Finished building: ../src/tutorial.cxx
 
Building target: Tutorial
Invoking: GCC C++ Linker
g++  -o "Tutorial"  ./src/MathFunctions/mysqrt.o  ./src/tutorial.o   
Finished building target: Tutorial
 
20:17:37 **** Incremental Build of configuration Debug for project Tutorial ****
make all 
make: Nothing to be done for `all'.
20:18:34 **** Clean-only build of configuration Debug for project Tutorial ****
make clean 
rm -rf  ./src/MathFunctions/mysqrt.o  ./src/tutorial.o  ./src/MathFunctions/mysqrt.d  ./src/tutorial.d  Tutorial
 
20:18:48 **** Incremental Build of configuration Debug for project Helloworld ****
make all 
make: Nothing to be done for `all'.
20:18:48 **** Incremental Build of configuration Debug for project Helloworld2 ****
make all 
Building file: ../src/Helloworld2.cpp
Invoking: Cross G++ Compiler
g++ -Wall -W -Werror g++ -O0 -g3 -Wall -c -fmessage-length=0 -MMD -MP -MF"src/Helloworld2.d" -MT"src/Helloworld2.d" -o "src/Helloworld2.o" "../src/Helloworld2.cpp"
g++: error: g++: No such file or directory
make: *** [src/Helloworld2.o] Error 1
20:18:48 **** Build of configuration Debug for project Tutorial ****
make all 
Building file: ../src/MathFunctions/mysqrt.cxx
Invoking: GCC C++ Compiler
g++ -O0 -g3 -Wall -c -fmessage-length=0 -MMD -MP -MF"src/MathFunctions/mysqrt.d" -MT"src/MathFunctions/mysqrt.d" -o "src/MathFunctions/mysqrt.o" "../src/MathFunctions/mysqrt.cxx"
Finished building: ../src/MathFunctions/mysqrt.cxx
 
Building file: ../src/tutorial.cxx
Invoking: GCC C++ Compiler
g++ -O0 -g3 -Wall -c -fmessage-length=0 -MMD -MP -MF"src/tutorial.d" -MT"src/tutorial.d" -o "src/tutorial.o" "../src/tutorial.cxx"
Finished building: ../src/tutorial.cxx
 
Building target: Tutorial
Invoking: GCC C++ Linker
g++  -o "Tutorial"  ./src/MathFunctions/mysqrt.o  ./src/tutorial.o   
Finished building target: Tutorial
 
20:19:00 **** Incremental Build of configuration Debug for project Tutorial ****
make all 
make: Nothing to be done for `all'.
20:19:16 **** Incremental Build of configuration Debug for project Helloworld ****
make all 
make: Nothing to be done for `all'.
20:19:16 **** Incremental Build of configuration Debug for project Helloworld2 ****
make all 
Building file: ../src/Helloworld2.cpp
Invoking: Cross G++ Compiler
g++ -Wall -W -Werror g++ -O0 -g3 -Wall -c -fmessage-length=0 -MMD -MP -MF"src/Helloworld2.d" -MT"src/Helloworld2.d" -o "src/Helloworld2.o" "../src/Helloworld2.cpp"
g++: error: g++: No such file or directory
make: *** [src/Helloworld2.o] Error 1
20:19:16 **** Incremental Build of configuration Release for project Tutorial ****
make all 
Building file: ../src/MathFunctions/mysqrt.cxx
Invoking: GCC C++ Compiler
g++ -O3 -Wall -c -fmessage-length=0 -MMD -MP -MF"src/MathFunctions/mysqrt.d" -MT"src/MathFunctions/mysqrt.d" -o "src/MathFunctions/mysqrt.o" "../src/MathFunctions/mysqrt.cxx"
Finished building: ../src/MathFunctions/mysqrt.cxx
 
Building file: ../src/tutorial.cxx
Invoking: GCC C++ Compiler
g++ -O3 -Wall -c -fmessage-length=0 -MMD -MP -MF"src/tutorial.d" -MT"src/tutorial.d" -o "src/tutorial.o" "../src/tutorial.cxx"
Finished building: ../src/tutorial.cxx
 
Building target: Tutorial
Invoking: GCC C++ Linker
g++  -o "Tutorial"  ./src/MathFunctions/mysqrt.o  ./src/tutorial.o   
Finished building target: Tutorial
 
20:20:30 **** Clean-only build of configuration Release for project Tutorial ****
make clean 
rm -rf  ./src/MathFunctions/mysqrt.o  ./src/tutorial.o  ./src/MathFunctions/mysqrt.d  ./src/tutorial.d  Tutorial
 
21:26:55 **** Incremental Build of configuration Debug for project Helloworld ****
make all 
make: Nothing to be done for `all'.
21:26:55 **** Incremental Build of configuration Debug for project Helloworld2 ****
make all 
Building file: ../src/Helloworld2.cpp
Invoking: Cross G++ Compiler
g++ -Wall -W -Werror g++ -O0 -g3 -Wall -c -fmessage-length=0 -MMD -MP -MF"src/Helloworld2.d" -MT"src/Helloworld2.d" -o "src/Helloworld2.o" "../src/Helloworld2.cpp"
g++: error: g++: No such file or directory
make: *** [src/Helloworld2.o] Error 1
21:26:55 **** Build of configuration Release for project Tutorial ****
make all 
Building file: ../src/MathFunctions/mysqrt.cxx
Invoking: GCC C++ Compiler
g++ -O3 -Wall -c -fmessage-length=0 -MMD -MP -MF"src/MathFunctions/mysqrt.d" -MT"src/MathFunctions/mysqrt.d" -o "src/MathFunctions/mysqrt.o" "../src/MathFunctions/mysqrt.cxx"
Finished building: ../src/MathFunctions/mysqrt.cxx
 
Building file: ../src/tutorial.cxx
Invoking: GCC C++ Compiler
g++ -O3 -Wall -c -fmessage-length=0 -MMD -MP -MF"src/tutorial.d" -MT"src/tutorial.d" -o "src/tutorial.o" "../src/tutorial.cxx"
Finished building: ../src/tutorial.cxx
 
Building target: Tutorial
Invoking: GCC C++ Linker
g++  -o "Tutorial"  ./src/MathFunctions/mysqrt.o  ./src/tutorial.o   
Finished building target: Tutorial
 
21:27:10 **** Clean-only build of configuration Debug for project Tutorial ****
make clean 
rm -rf  ./src/MathFunctions/mysqrt.o  ./src/tutorial.o  ./src/MathFunctions/mysqrt.d  ./src/tutorial.d  Tutorial
 
21:27:10 **** Incremental Build of configuration Debug for project Tutorial ****
make all 
Building file: ../src/MathFunctions/mysqrt.cxx
Invoking: GCC C++ Compiler
g++ -O0 -g3 -Wall -c -fmessage-length=0 -MMD -MP -MF"src/MathFunctions/mysqrt.d" -MT"src/MathFunctions/mysqrt.d" -o "src/MathFunctions/mysqrt.o" "../src/MathFunctions/mysqrt.cxx"
Finished building: ../src/MathFunctions/mysqrt.cxx
 
Building file: ../src/tutorial.cxx
Invoking: GCC C++ Compiler
g++ -O0 -g3 -Wall -c -fmessage-length=0 -MMD -MP -MF"src/tutorial.d" -MT"src/tutorial.d" -o "src/tutorial.o" "../src/tutorial.cxx"
Finished building: ../src/tutorial.cxx
 
Building target: Tutorial
Invoking: GCC C++ Linker
g++  -o "Tutorial"  ./src/MathFunctions/mysqrt.o  ./src/tutorial.o   
Finished building target: Tutorial
 
21:31:32 **** Incremental Build of configuration Debug for project Helloworld ****
make all 
make: Nothing to be done for `all'.
21:31:32 **** Incremental Build of configuration Debug for project Helloworld2 ****
make all 
Building file: ../src/Helloworld2.cpp
Invoking: Cross G++ Compiler
g++ -Wall -W -Werror g++ -O0 -g3 -Wall -c -fmessage-length=0 -MMD -MP -MF"src/Helloworld2.d" -MT"src/Helloworld2.d" -o "src/Helloworld2.o" "../src/Helloworld2.cpp"
g++: error: g++: No such file or directory
make: *** [src/Helloworld2.o] Error 1
21:31:32 **** Incremental Build of configuration Release for project Tutorial ****
make all 
make: Nothing to be done for `all'.
21:31:38 **** Clean-only build of configuration Release for project Tutorial ****
make clean 
rm -rf  ./src/MathFunctions/mysqrt.o  ./src/tutorial.o  ./src/MathFunctions/mysqrt.d  ./src/tutorial.d  Tutorial
 
21:31:43 **** Build of configuration Release for project Tutorial ****
make all 
Building file: ../src/MathFunctions/mysqrt.cxx
Invoking: GCC C++ Compiler
g++ -O3 -Wall -c -fmessage-length=0 -MMD -MP -MF"src/MathFunctions/mysqrt.d" -MT"src/MathFunctions/mysqrt.d" -o "src/MathFunctions/mysqrt.o" "../src/MathFunctions/mysqrt.cxx"
Finished building: ../src/MathFunctions/mysqrt.cxx
 
Building file: ../src/tutorial.cxx
Invoking: GCC C++ Compiler
g++ -O3 -Wall -c -fmessage-length=0 -MMD -MP -MF"src/tutorial.d" -MT"src/tutorial.d" -o "src/tutorial.o" "../src/tutorial.cxx"
Finished building: ../src/tutorial.cxx
 
Building target: Tutorial
Invoking: GCC C++ Linker
g++  -o "Tutorial"  ./src/MathFunctions/mysqrt.o  ./src/tutorial.o   
Finished building target: Tutorial
 
21:34:33 **** Clean-only build of configuration Release for project Tutorial ****
make clean 
rm -rf  ./src/MathFunctions/mysqrt.o  ./src/tutorial.o  ./src/MathFunctions/mysqrt.d  ./src/tutorial.d  Tutorial
 
21:34:36 **** Incremental Build of configuration Debug for project Helloworld ****
make all 
make: Nothing to be done for `all'.
21:34:36 **** Incremental Build of configuration Debug for project Helloworld2 ****
make all 
Building file: ../src/Helloworld2.cpp
Invoking: Cross G++ Compiler
g++ -Wall -W -Werror g++ -O0 -g3 -Wall -c -fmessage-length=0 -MMD -MP -MF"src/Helloworld2.d" -MT"src/Helloworld2.d" -o "src/Helloworld2.o" "../src/Helloworld2.cpp"
g++: error: g++: No such file or directory
make: *** [src/Helloworld2.o] Error 1
21:34:36 **** Build of configuration Release for project Tutorial ****
make all 
Building file: ../src/MathFunctions/mysqrt.cxx
Invoking: GCC C++ Compiler
g++ -O3 -Wall -c -fmessage-length=0 -MMD -MP -MF"src/MathFunctions/mysqrt.d" -MT"src/MathFunctions/mysqrt.d" -o "src/MathFunctions/mysqrt.o" "../src/MathFunctions/mysqrt.cxx"
../src/MathFunctions/mysqrt.cxx:13:0: error: unterminated #else
make: *** [src/MathFunctions/mysqrt.o] Error 1
21:35:11 **** Incremental Build of configuration Debug for project Helloworld ****
make all 
make: Nothing to be done for `all'.
21:35:11 **** Incremental Build of configuration Debug for project Helloworld2 ****
make all 
Building file: ../src/Helloworld2.cpp
Invoking: Cross G++ Compiler
g++ -Wall -W -Werror g++ -O0 -g3 -Wall -c -fmessage-length=0 -MMD -MP -MF"src/Helloworld2.d" -MT"src/Helloworld2.d" -o "src/Helloworld2.o" "../src/Helloworld2.cpp"
g++: error: g++: No such file or directory
make: *** [src/Helloworld2.o] Error 1
21:35:11 **** Incremental Build of configuration Release for project Tutorial ****
make all 
Building file: ../src/MathFunctions/mysqrt.cxx
Invoking: GCC C++ Compiler
g++ -O3 -Wall -c -fmessage-length=0 -MMD -MP -MF"src/MathFunctions/mysqrt.d" -MT"src/MathFunctions/mysqrt.d" -o "src/MathFunctions/mysqrt.o" "../src/MathFunctions/mysqrt.cxx"
../src/MathFunctions/mysqrt.cxx:13:0: error: unterminated #else
make: *** [src/MathFunctions/mysqrt.o] Error 1
21:35:39 **** Incremental Build of configuration Debug for project Helloworld ****
make all 
make: Nothing to be done for `all'.
21:35:39 **** Incremental Build of configuration Debug for project Helloworld2 ****
make all 
Building file: ../src/Helloworld2.cpp
Invoking: Cross G++ Compiler
g++ -Wall -W -Werror g++ -O0 -g3 -Wall -c -fmessage-length=0 -MMD -MP -MF"src/Helloworld2.d" -MT"src/Helloworld2.d" -o "src/Helloworld2.o" "../src/Helloworld2.cpp"
g++: error: g++: No such file or directory
make: *** [src/Helloworld2.o] Error 1
21:35:39 **** Incremental Build of configuration Release for project Tutorial ****
make all 
Building file: ../src/MathFunctions/mysqrt.cxx
Invoking: GCC C++ Compiler
g++ -O3 -Wall -c -fmessage-length=0 -MMD -MP -MF"src/MathFunctions/mysqrt.d" -MT"src/MathFunctions/mysqrt.d" -o "src/MathFunctions/mysqrt.o" "../src/MathFunctions/mysqrt.cxx"
../src/MathFunctions/mysqrt.cxx:13:0: error: unterminated #else
make: *** [src/MathFunctions/mysqrt.o] Error 1
21:37:48 **** Incremental Build of configuration Debug for project Helloworld ****
make all 
make: Nothing to be done for `all'.
21:37:48 **** Incremental Build of configuration Debug for project Helloworld2 ****
make all 
Building file: ../src/Helloworld2.cpp
Invoking: Cross G++ Compiler
g++ -Wall -W -Werror g++ -O0 -g3 -Wall -c -fmessage-length=0 -MMD -MP -MF"src/Helloworld2.d" -MT"src/Helloworld2.d" -o "src/Helloworld2.o" "../src/Helloworld2.cpp"
g++: error: g++: No such file or directory
make: *** [src/Helloworld2.o] Error 1
21:37:48 **** Incremental Build of configuration Release for project Tutorial ****
make all 
Building file: ../src/MathFunctions/mysqrt.cxx
Invoking: GCC C++ Compiler
g++ -O3 -Wall -c -fmessage-length=0 -MMD -MP -MF"src/MathFunctions/mysqrt.d" -MT"src/MathFunctions/mysqrt.d" -o "src/MathFunctions/mysqrt.o" "../src/MathFunctions/mysqrt.cxx"
../src/MathFunctions/mysqrt.cxx:13:0: error: unterminated #else
make: *** [src/MathFunctions/mysqrt.o] Error 1
21:39:20 **** Incremental Build of configuration Debug for project Helloworld ****
make all 
make: Nothing to be done for `all'.
21:39:20 **** Incremental Build of configuration Debug for project Helloworld2 ****
make all 
Building file: ../src/Helloworld2.cpp
Invoking: Cross G++ Compiler
g++ -Wall -W -Werror g++ -O0 -g3 -Wall -c -fmessage-length=0 -MMD -MP -MF"src/Helloworld2.d" -MT"src/Helloworld2.d" -o "src/Helloworld2.o" "../src/Helloworld2.cpp"
g++: error: g++: No such file or directory
make: *** [src/Helloworld2.o] Error 1
21:39:20 **** Incremental Build of configuration Release for project Tutorial ****
make all 
Building file: ../src/MathFunctions/mysqrt.cxx
Invoking: GCC C++ Compiler
g++ -O3 -Wall -c -fmessage-length=0 -MMD -MP -MF"src/MathFunctions/mysqrt.d" -MT"src/MathFunctions/mysqrt.d" -o "src/MathFunctions/mysqrt.o" "../src/MathFunctions/mysqrt.cxx"
Finished building: ../src/MathFunctions/mysqrt.cxx
 
Building file: ../src/tutorial.cxx
Invoking: GCC C++ Compiler
g++ -O3 -Wall -c -fmessage-length=0 -MMD -MP -MF"src/tutorial.d" -MT"src/tutorial.d" -o "src/tutorial.o" "../src/tutorial.cxx"
Finished building: ../src/tutorial.cxx
 
Building target: Tutorial
Invoking: GCC C++ Linker
g++  -o "Tutorial"  ./src/MathFunctions/mysqrt.o  ./src/tutorial.o   
Finished building target: Tutorial
 
21:42:17 **** Incremental Build of configuration Debug for project Helloworld ****
make all 
make: Nothing to be done for `all'.
21:42:17 **** Incremental Build of configuration Debug for project Helloworld2 ****
make all 
Building file: ../src/Helloworld2.cpp
Invoking: Cross G++ Compiler
g++ -Wall -W -Werror g++ -O0 -g3 -Wall -c -fmessage-length=0 -MMD -MP -MF"src/Helloworld2.d" -MT"src/Helloworld2.d" -o "src/Helloworld2.o" "../src/Helloworld2.cpp"
g++: error: g++: No such file or directory
make: *** [src/Helloworld2.o] Error 1
21:42:17 **** Incremental Build of configuration Release for project Tutorial ****
make all 
make: Nothing to be done for `all'.
21:42:22 **** Clean-only build of configuration Release for project Tutorial ****
make clean 
rm -rf  ./src/MathFunctions/mysqrt.o  ./src/tutorial.o  ./src/MathFunctions/mysqrt.d  ./src/tutorial.d  Tutorial
 
21:42:26 **** Incremental Build of configuration Debug for project Helloworld ****
make all 
make: Nothing to be done for `all'.
21:42:26 **** Incremental Build of configuration Debug for project Helloworld2 ****
make all 
Building file: ../src/Helloworld2.cpp
Invoking: Cross G++ Compiler
g++ -Wall -W -Werror g++ -O0 -g3 -Wall -c -fmessage-length=0 -MMD -MP -MF"src/Helloworld2.d" -MT"src/Helloworld2.d" -o "src/Helloworld2.o" "../src/Helloworld2.cpp"
g++: error: g++: No such file or directory
make: *** [src/Helloworld2.o] Error 1
21:42:26 **** Build of configuration Release for project Tutorial ****
make all 
Building file: ../src/MathFunctions/mysqrt.cxx
Invoking: GCC C++ Compiler
g++ -O3 -Wall -c -fmessage-length=0 -MMD -MP -MF"src/MathFunctions/mysqrt.d" -MT"src/MathFunctions/mysqrt.d" -o "src/MathFunctions/mysqrt.o" "../src/MathFunctions/mysqrt.cxx"
Finished building: ../src/MathFunctions/mysqrt.cxx
 
Building file: ../src/tutorial.cxx
Invoking: GCC C++ Compiler
g++ -O3 -Wall -c -fmessage-length=0 -MMD -MP -MF"src/tutorial.d" -MT"src/tutorial.d" -o "src/tutorial.o" "../src/tutorial.cxx"
Finished building: ../src/tutorial.cxx
 
Building target: Tutorial
Invoking: GCC C++ Linker
g++  -o "Tutorial"  ./src/MathFunctions/mysqrt.o  ./src/tutorial.o   
Finished building target: Tutorial
 
21:46:33 **** Clean-only build of configuration Release for project Tutorial ****
make clean 
rm -rf  ./src/MathFunctions/mysqrt.o  ./src/tutorial.o  ./src/MathFunctions/mysqrt.d  ./src/tutorial.d  Tutorial
 
21:46:36 **** Incremental Build of configuration Debug for project Helloworld ****
make all 
make: Nothing to be done for `all'.
21:46:36 **** Incremental Build of configuration Debug for project Helloworld2 ****
make all 
Building file: ../src/Helloworld2.cpp
Invoking: Cross G++ Compiler
g++ -Wall -W -Werror g++ -O0 -g3 -Wall -c -fmessage-length=0 -MMD -MP -MF"src/Helloworld2.d" -MT"src/Helloworld2.d" -o "src/Helloworld2.o" "../src/Helloworld2.cpp"
g++: error: g++: No such file or directory
make: *** [src/Helloworld2.o] Error 1
21:46:36 **** Build of configuration Release for project Tutorial ****
make all 
Building file: ../src/MathFunctions/mysqrt.cxx
Invoking: GCC C++ Compiler
g++ -O3 -Wall -c -fmessage-length=0 -MMD -MP -MF"src/MathFunctions/mysqrt.d" -MT"src/MathFunctions/mysqrt.d" -o "src/MathFunctions/mysqrt.o" "../src/MathFunctions/mysqrt.cxx"
Finished building: ../src/MathFunctions/mysqrt.cxx
 
Building file: ../src/tutorial.cxx
Invoking: GCC C++ Compiler
g++ -O3 -Wall -c -fmessage-length=0 -MMD -MP -MF"src/tutorial.d" -MT"src/tutorial.d" -o "src/tutorial.o" "../src/tutorial.cxx"
Finished building: ../src/tutorial.cxx
 
Building target: Tutorial
Invoking: GCC C++ Linker
g++  -o "Tutorial"  ./src/MathFunctions/mysqrt.o  ./src/tutorial.o   
Finished building target: Tutorial
 
21:47:27 **** Clean-only build of configuration Release for project Tutorial-1 ****
make clean 
rm -rf  ./src/MathFunctions/mysqrt.o  ./src/tutorial.o  ./src/MathFunctions/mysqrt.d  ./src/tutorial.d  Tutorial
 
21:54:13 **** Build of configuration Release for project Tutorial-1 ****
make all 
Building file: ../src/tutorial.cxx
Invoking: GCC C++ Compiler
g++ -O3 -Wall -c -fmessage-length=0 -MMD -MP -MF"src/tutorial.d" -MT"src/tutorial.d" -o "src/tutorial.o" "../src/tutorial.cxx"
../src/tutorial.cxx:5:36: fatal error: include/TutorialConfig.h: No such file or directory
compilation terminated.
make: *** [src/tutorial.o] Error 1
21:56:41 **** Incremental Build of configuration Release for project Tutorial-1 ****
make all 
Building file: ../src/tutorial.cxx
Invoking: GCC C++ Compiler
g++ -O3 -Wall -c -fmessage-length=0 -MMD -MP -MF"src/tutorial.d" -MT"src/tutorial.d" -o "src/tutorial.o" "../src/tutorial.cxx"
../src/tutorial.cxx:5:36: fatal error: include/TutorialConfig.h: No such file or directory
compilation terminated.
make: *** [src/tutorial.o] Error 1
21:57:27 **** Incremental Build of configuration Release for project Tutorial-1 ****
make all 
Building file: ../src/tutorial.cxx
Invoking: GCC C++ Compiler
g++ -O3 -Wall -c -fmessage-length=0 -MMD -MP -MF"src/tutorial.d" -MT"src/tutorial.d" -o "src/tutorial.o" "../src/tutorial.cxx"
Finished building: ../src/tutorial.cxx
 
Building file: ../include/MathFunctions/mysqrt.cxx
Invoking: GCC C++ Compiler
g++ -O3 -Wall -c -fmessage-length=0 -MMD -MP -MF"include/MathFunctions/mysqrt.d" -MT"include/MathFunctions/mysqrt.d" -o "include/MathFunctions/mysqrt.o" "../include/MathFunctions/mysqrt.cxx"
Finished building: ../include/MathFunctions/mysqrt.cxx
 
Building target: Tutorial-1
Invoking: GCC C++ Linker
g++  -o "Tutorial-1"  ./src/tutorial.o  ./include/MathFunctions/mysqrt.o   
Finished building target: Tutorial-1
 
21:57:47 **** Clean-only build of configuration Release for project Tutorial-1 ****
make clean 
rm -rf  ./src/tutorial.o  ./include/MathFunctions/mysqrt.o  ./src/tutorial.d  ./include/MathFunctions/mysqrt.d  Tutorial-1
 
21:57:50 **** Build of configuration Release for project Tutorial-1 ****
make all 
Building file: ../src/tutorial.cxx
Invoking: GCC C++ Compiler
g++ -O3 -Wall -c -fmessage-length=0 -MMD -MP -MF"src/tutorial.d" -MT"src/tutorial.d" -o "src/tutorial.o" "../src/tutorial.cxx"
Finished building: ../src/tutorial.cxx
 
Building file: ../include/MathFunctions/mysqrt.cxx
Invoking: GCC C++ Compiler
g++ -O3 -Wall -c -fmessage-length=0 -MMD -MP -MF"include/MathFunctions/mysqrt.d" -MT"include/MathFunctions/mysqrt.d" -o "include/MathFunctions/mysqrt.o" "../include/MathFunctions/mysqrt.cxx"
Finished building: ../include/MathFunctions/mysqrt.cxx
 
Building target: Tutorial-1
Invoking: GCC C++ Linker
g++  -o "Tutorial-1"  ./src/tutorial.o  ./include/MathFunctions/mysqrt.o   
Finished building target: Tutorial-1
 
18:35:04 **** Clean-only build of configuration Release for project Tutorial-1 ****
make clean 
rm -rf  ./src/tutorial.o  ./include/MathFunctions/mysqrt.o  ./src/tutorial.d  ./include/MathFunctions/mysqrt.d  Tutorial-1
 
18:35:07 **** Build of configuration Release for project Tutorial-1 ****
make all 
Building file: ../src/MathFunctions/MakeTable.cxx
Invoking: GCC C++ Compiler
g++ -O3 -Wall -c -fmessage-length=0 -MMD -MP -MF"src/MathFunctions/MakeTable.d" -MT"src/MathFunctions/MakeTable.d" -o "src/MathFunctions/MakeTable.o" "../src/MathFunctions/MakeTable.cxx"
Finished building: ../src/MathFunctions/MakeTable.cxx
 
Building file: ../src/tutorial.cxx
Invoking: GCC C++ Compiler
g++ -O3 -Wall -c -fmessage-length=0 -MMD -MP -MF"src/tutorial.d" -MT"src/tutorial.d" -o "src/tutorial.o" "../src/tutorial.cxx"
Finished building: ../src/tutorial.cxx
 
Building file: ../include/MathFunctions/mysqrt.cxx
Invoking: GCC C++ Compiler
g++ -O3 -Wall -c -fmessage-length=0 -MMD -MP -MF"include/MathFunctions/mysqrt.d" -MT"include/MathFunctions/mysqrt.d" -o "include/MathFunctions/mysqrt.o" "../include/MathFunctions/mysqrt.cxx"
Finished building: ../include/MathFunctions/mysqrt.cxx
 
Building target: Tutorial-1
Invoking: GCC C++ Linker
g++  -o "Tutorial-1"  ./src/MathFunctions/MakeTable.o  ./src/tutorial.o  ./include/MathFunctions/mysqrt.o   
./src/tutorial.o: In function `main':
tutorial.cxx:(.text.startup+0x0): multiple definition of `main'
./src/MathFunctions/MakeTable.o:MakeTable.cxx:(.text.startup+0x0): first defined here
collect2: ld returned 1 exit status
make: *** [Tutorial-1] Error 1
18:36:44 **** Build of configuration Release for project Tutorial-4 ****
make all 
Building target: Tutorial-4
Invoking: GCC C++ Linker
g++  -o "Tutorial-4"  ./src/tutorial.o  ./include/MathFunctions/mysqrt.o   
Finished building target: Tutorial-4
 
18:36:44 **** Build of configuration Release for project Tutorial-5 ****
make all 
Building target: Tutorial-5
Invoking: GCC C++ Linker
g++  -o "Tutorial-5"  ./src/MathFunctions/MakeTable.o  ./src/tutorial.o  ./include/MathFunctions/mysqrt.o   
./src/tutorial.o: In function `main':
tutorial.cxx:(.text.startup+0x0): multiple definition of `main'
./src/MathFunctions/MakeTable.o:MakeTable.cxx:(.text.startup+0x0): first defined here
collect2: ld returned 1 exit status
make: *** [Tutorial-5] Error 1
18:37:16 **** Incremental Build of configuration Release for project Tutorial-4 ****
make all 
make: Nothing to be done for `all'.
18:37:21 **** Clean-only build of configuration Release for project Tutorial-4 ****
make clean 
rm -rf  ./src/tutorial.o  ./include/MathFunctions/mysqrt.o  ./src/tutorial.d  ./include/MathFunctions/mysqrt.d  Tutorial-4
 
18:37:23 **** Build of configuration Release for project Tutorial-4 ****
make all 
Building file: ../src/tutorial.cxx
Invoking: GCC C++ Compiler
g++ -O3 -Wall -c -fmessage-length=0 -MMD -MP -MF"src/tutorial.d" -MT"src/tutorial.d" -o "src/tutorial.o" "../src/tutorial.cxx"
Finished building: ../src/tutorial.cxx
 
Building file: ../include/MathFunctions/mysqrt.cxx
Invoking: GCC C++ Compiler
g++ -O3 -Wall -c -fmessage-length=0 -MMD -MP -MF"include/MathFunctions/mysqrt.d" -MT"include/MathFunctions/mysqrt.d" -o "include/MathFunctions/mysqrt.o" "../include/MathFunctions/mysqrt.cxx"
Finished building: ../include/MathFunctions/mysqrt.cxx
 
Building target: Tutorial-4
Invoking: GCC C++ Linker
g++  -o "Tutorial-4"  ./src/tutorial.o  ./include/MathFunctions/mysqrt.o   
Finished building target: Tutorial-4
 
18:42:13 **** Incremental Build of configuration Release for project Tutorial-5 ****
make all 
Building file: ../src/MathFunctions/MakeTable.cxx
Invoking: GCC C++ Compiler
g++ -O3 -Wall -c -fmessage-length=0 -MMD -MP -MF"src/MathFunctions/MakeTable.d" -MT"src/MathFunctions/MakeTable.d" -o "src/MathFunctions/MakeTable.o" "../src/MathFunctions/MakeTable.cxx"
Finished building: ../src/MathFunctions/MakeTable.cxx
 
Building file: ../src/MathFunctions/mysqrt.cxx
Invoking: GCC C++ Compiler
g++ -O3 -Wall -c -fmessage-length=0 -MMD -MP -MF"src/MathFunctions/mysqrt.d" -MT"src/MathFunctions/mysqrt.d" -o "src/MathFunctions/mysqrt.o" "../src/MathFunctions/mysqrt.cxx"
../src/MathFunctions/mysqrt.cxx:2:27: fatal error: MathFunctions.h: No such file or directory
compilation terminated.
make: *** [src/MathFunctions/mysqrt.o] Error 1
18:43:17 **** Clean-only build of configuration Release for project Tutorial-5 ****
make clean 
rm -rf  ./src/MathFunctions/MakeTable.o ./src/MathFunctions/mysqrt.o  ./src/tutorial.o  ./src/MathFunctions/MakeTable.d ./src/MathFunctions/mysqrt.d  ./src/tutorial.d  Tutorial-5
 
18:43:19 **** Build of configuration Release for project Tutorial-5 ****
make all 
Building file: ../src/MathFunctions/MakeTable.cxx
Invoking: GCC C++ Compiler
g++ -O3 -Wall -c -fmessage-length=0 -MMD -MP -MF"src/MathFunctions/MakeTable.d" -MT"src/MathFunctions/MakeTable.d" -o "src/MathFunctions/MakeTable.o" "../src/MathFunctions/MakeTable.cxx"
Finished building: ../src/MathFunctions/MakeTable.cxx
 
Building file: ../src/MathFunctions/mysqrt.cxx
Invoking: GCC C++ Compiler
g++ -O3 -Wall -c -fmessage-length=0 -MMD -MP -MF"src/MathFunctions/mysqrt.d" -MT"src/MathFunctions/mysqrt.d" -o "src/MathFunctions/mysqrt.o" "../src/MathFunctions/mysqrt.cxx"
../src/MathFunctions/mysqrt.cxx:2:52: fatal error: ../include/MathFunctions/MathFunctions.h: No such file or directory
compilation terminated.
make: *** [src/MathFunctions/mysqrt.o] Error 1
18:43:45 **** Incremental Build of configuration Release for project Tutorial-5 ****
make all 
Building file: ../src/MathFunctions/mysqrt.cxx
Invoking: GCC C++ Compiler
g++ -O3 -Wall -c -fmessage-length=0 -MMD -MP -MF"src/MathFunctions/mysqrt.d" -MT"src/MathFunctions/mysqrt.d" -o "src/MathFunctions/mysqrt.o" "../src/MathFunctions/mysqrt.cxx"
Finished building: ../src/MathFunctions/mysqrt.cxx
 
Building file: ../src/tutorial.cxx
Invoking: GCC C++ Compiler
g++ -O3 -Wall -c -fmessage-length=0 -MMD -MP -MF"src/tutorial.d" -MT"src/tutorial.d" -o "src/tutorial.o" "../src/tutorial.cxx"
Finished building: ../src/tutorial.cxx
 
Building target: Tutorial-5
Invoking: GCC C++ Linker
g++  -o "Tutorial-5"  ./src/MathFunctions/MakeTable.o ./src/MathFunctions/mysqrt.o  ./src/tutorial.o   
./src/tutorial.o: In function `main':
tutorial.cxx:(.text.startup+0x0): multiple definition of `main'
./src/MathFunctions/MakeTable.o:MakeTable.cxx:(.text.startup+0x0): first defined here
collect2: ld returned 1 exit status
make: *** [Tutorial-5] Error 1
18:46:38 **** Clean-only build of configuration Release for project Tutorial-5 ****
make clean 
rm -rf  ./src/MathFunctions/MakeTable.o ./src/MathFunctions/mysqrt.o  ./src/tutorial.o  ./src/MathFunctions/MakeTable.d ./src/MathFunctions/mysqrt.d  ./src/tutorial.d  Tutorial-5
 
18:46:40 **** Build of configuration Release for project Tutorial-5 ****
make all 
Building file: ../src/MathFunctions/MakeTable.cxx
Invoking: GCC C++ Compiler
g++ -O3 -Wall -c -fmessage-length=0 -MMD -MP -MF"src/MathFunctions/MakeTable.d" -MT"src/MathFunctions/MakeTable.d" -o "src/MathFunctions/MakeTable.o" "../src/MathFunctions/MakeTable.cxx"
Finished building: ../src/MathFunctions/MakeTable.cxx
 
Building file: ../src/MathFunctions/mysqrt.cxx
Invoking: GCC C++ Compiler
g++ -O3 -Wall -c -fmessage-length=0 -MMD -MP -MF"src/MathFunctions/mysqrt.d" -MT"src/MathFunctions/mysqrt.d" -o "src/MathFunctions/mysqrt.o" "../src/MathFunctions/mysqrt.cxx"
Finished building: ../src/MathFunctions/mysqrt.cxx
 
Building file: ../src/tutorial.cxx
Invoking: GCC C++ Compiler
g++ -O3 -Wall -c -fmessage-length=0 -MMD -MP -MF"src/tutorial.d" -MT"src/tutorial.d" -o "src/tutorial.o" "../src/tutorial.cxx"
Finished building: ../src/tutorial.cxx
 
Building target: Tutorial-5
Invoking: GCC C++ Linker
g++  -o "Tutorial-5"  ./src/MathFunctions/MakeTable.o ./src/MathFunctions/mysqrt.o  ./src/tutorial.o   
./src/tutorial.o: In function `main':
tutorial.cxx:(.text.startup+0x0): multiple definition of `main'
./src/MathFunctions/MakeTable.o:MakeTable.cxx:(.text.startup+0x0): first defined here
collect2: ld returned 1 exit status
make: *** [Tutorial-5] Error 1
18:48:43 **** Clean-only build of configuration Release for project Tutorial-5 ****
make clean 
rm -rf  ./src/MathFunctions/MakeTable.o ./src/MathFunctions/mysqrt.o  ./src/tutorial.o  ./src/MathFunctions/MakeTable.d ./src/MathFunctions/mysqrt.d  ./src/tutorial.d  Tutorial-5
 
18:48:45 **** Build of configuration Release for project Tutorial-5 ****
make all 
Building file: ../src/MathFunctions/MakeTable.cxx
Invoking: GCC C++ Compiler
g++ -O3 -Wall -c -fmessage-length=0 -MMD -MP -MF"src/MathFunctions/MakeTable.d" -MT"src/MathFunctions/MakeTable.d" -o "src/MathFunctions/MakeTable.o" "../src/MathFunctions/MakeTable.cxx"
Finished building: ../src/MathFunctions/MakeTable.cxx
 
Building file: ../src/MathFunctions/mysqrt.cxx
Invoking: GCC C++ Compiler
g++ -O3 -Wall -c -fmessage-length=0 -MMD -MP -MF"src/MathFunctions/mysqrt.d" -MT"src/MathFunctions/mysqrt.d" -o "src/MathFunctions/mysqrt.o" "../src/MathFunctions/mysqrt.cxx"
Finished building: ../src/MathFunctions/mysqrt.cxx
 
Building file: ../src/tutorial.cxx
Invoking: GCC C++ Compiler
g++ -O3 -Wall -c -fmessage-length=0 -MMD -MP -MF"src/tutorial.d" -MT"src/tutorial.d" -o "src/tutorial.o" "../src/tutorial.cxx"
Finished building: ../src/tutorial.cxx
 
Building target: Tutorial-5
Invoking: GCC C++ Linker
g++  -o "Tutorial-5"  ./src/MathFunctions/MakeTable.o ./src/MathFunctions/mysqrt.o  ./src/tutorial.o   
./src/tutorial.o: In function `main':
tutorial.cxx:(.text.startup+0x0): multiple definition of `main'
./src/MathFunctions/MakeTable.o:MakeTable.cxx:(.text.startup+0x0): first defined here
collect2: ld returned 1 exit status
make: *** [Tutorial-5] Error 1
18:52:40 **** Clean-only build of configuration Release for project Tutorial-5 ****
make clean 
rm -rf  ./src/MathFunctions/MakeTable.o ./src/MathFunctions/mysqrt.o  ./src/tutorial.o  ./src/MathFunctions/MakeTable.d ./src/MathFunctions/mysqrt.d  ./src/tutorial.d  Tutorial-5
 
18:52:43 **** Build of configuration Release for project Tutorial-5 ****
make all 
Building file: ../src/MathFunctions/MakeTable.cxx
Invoking: GCC C++ Compiler
g++ -O3 -Wall -c -fmessage-length=0 -MMD -MP -MF"src/MathFunctions/MakeTable.d" -MT"src/MathFunctions/MakeTable.d" -o "src/MathFunctions/MakeTable.o" "../src/MathFunctions/MakeTable.cxx"
Finished building: ../src/MathFunctions/MakeTable.cxx
 
Building file: ../src/MathFunctions/mysqrt.cxx
Invoking: GCC C++ Compiler
g++ -O3 -Wall -c -fmessage-length=0 -MMD -MP -MF"src/MathFunctions/mysqrt.d" -MT"src/MathFunctions/mysqrt.d" -o "src/MathFunctions/mysqrt.o" "../src/MathFunctions/mysqrt.cxx"
Finished building: ../src/MathFunctions/mysqrt.cxx
 
Building file: ../src/tutorial.cxx
Invoking: GCC C++ Compiler
g++ -O3 -Wall -c -fmessage-length=0 -MMD -MP -MF"src/tutorial.d" -MT"src/tutorial.d" -o "src/tutorial.o" "../src/tutorial.cxx"
Finished building: ../src/tutorial.cxx
 
Building target: Tutorial-5
Invoking: GCC C++ Linker
g++  -o "Tutorial-5"  ./src/MathFunctions/MakeTable.o ./src/MathFunctions/mysqrt.o  ./src/tutorial.o   
./src/tutorial.o: In function `main':
tutorial.cxx:(.text.startup+0x0): multiple definition of `main'
./src/MathFunctions/MakeTable.o:MakeTable.cxx:(.text.startup+0x0): first defined here
collect2: ld returned 1 exit status
make: *** [Tutorial-5] Error 1
18:55:34 **** Clean-only build of configuration Release for project Tutorial-5 ****
make clean 
rm -rf  ./src/MathFunctions/MakeTable.o ./src/MathFunctions/mysqrt.o  ./src/tutorial.o  ./src/MathFunctions/MakeTable.d ./src/MathFunctions/mysqrt.d  ./src/tutorial.d  Tutorial-5
 
18:55:36 **** Build of configuration Release for project Tutorial-5 ****
make all 
Building file: ../src/MathFunctions/MakeTable.cxx
Invoking: GCC C++ Compiler
g++ -O3 -Wall -c -fmessage-length=0 -MMD -MP -MF"src/MathFunctions/MakeTable.d" -MT"src/MathFunctions/MakeTable.d" -o "src/MathFunctions/MakeTable.o" "../src/MathFunctions/MakeTable.cxx"
Finished building: ../src/MathFunctions/MakeTable.cxx
 
Building file: ../src/MathFunctions/mysqrt.cxx
Invoking: GCC C++ Compiler
g++ -O3 -Wall -c -fmessage-length=0 -MMD -MP -MF"src/MathFunctions/mysqrt.d" -MT"src/MathFunctions/mysqrt.d" -o "src/MathFunctions/mysqrt.o" "../src/MathFunctions/mysqrt.cxx"
Finished building: ../src/MathFunctions/mysqrt.cxx
 
Building file: ../src/tutorial.cxx
Invoking: GCC C++ Compiler
g++ -O3 -Wall -c -fmessage-length=0 -MMD -MP -MF"src/tutorial.d" -MT"src/tutorial.d" -o "src/tutorial.o" "../src/tutorial.cxx"
Finished building: ../src/tutorial.cxx
 
Building target: Tutorial-5
Invoking: GCC C++ Linker
g++  -o "Tutorial-5"  ./src/MathFunctions/MakeTable.o ./src/MathFunctions/mysqrt.o  ./src/tutorial.o   
./src/tutorial.o: In function `main':
tutorial.cxx:(.text.startup+0x0): multiple definition of `main'
./src/MathFunctions/MakeTable.o:MakeTable.cxx:(.text.startup+0x0): first defined here
collect2: ld returned 1 exit status
make: *** [Tutorial-5] Error 1
19:06:49 **** Clean-only build of configuration Release for project Tutorial-5 ****
make clean 
rm -rf  ./src/MathFunctions/MakeTable.o ./src/MathFunctions/mysqrt.o  ./src/tutorial.o  ./src/MathFunctions/MakeTable.d ./src/MathFunctions/mysqrt.d  ./src/tutorial.d  Tutorial-5
 
19:06:52 **** Build of configuration Release for project Tutorial-5 ****
make all 
Building file: ../src/MathFunctions/MakeTable.cxx
Invoking: GCC C++ Compiler
g++ -O3 -Wall -c -fmessage-length=0 -MMD -MP -MF"src/MathFunctions/MakeTable.d" -MT"src/MathFunctions/MakeTable.d" -o "src/MathFunctions/MakeTable.o" "../src/MathFunctions/MakeTable.cxx"
Finished building: ../src/MathFunctions/MakeTable.cxx
 
Building file: ../src/MathFunctions/mysqrt.cxx
Invoking: GCC C++ Compiler
g++ -O3 -Wall -c -fmessage-length=0 -MMD -MP -MF"src/MathFunctions/mysqrt.d" -MT"src/MathFunctions/mysqrt.d" -o "src/MathFunctions/mysqrt.o" "../src/MathFunctions/mysqrt.cxx"
Finished building: ../src/MathFunctions/mysqrt.cxx
 
Building file: ../src/CMakeFiles/CompilerIdCXX/CMakeCXXCompilerId.cpp
Invoking: GCC C++ Compiler
g++ -O3 -Wall -c -fmessage-length=0 -MMD -MP -MF"src/CMakeFiles/CompilerIdCXX/CMakeCXXCompilerId.d" -MT"src/CMakeFiles/CompilerIdCXX/CMakeCXXCompilerId.d" -o "src/CMakeFiles/CompilerIdCXX/CMakeCXXCompilerId.o" "../src/CMakeFiles/CompilerIdCXX/CMakeCXXCompilerId.cpp"
Finished building: ../src/CMakeFiles/CompilerIdCXX/CMakeCXXCompilerId.cpp
 
Building file: ../src/CMakeFiles/CompilerIdC/CMakeCCompilerId.c
Invoking: GCC C Compiler
gcc -O3 -Wall -c -fmessage-length=0 -MMD -MP -MF"src/CMakeFiles/CompilerIdC/CMakeCCompilerId.d" -MT"src/CMakeFiles/CompilerIdC/CMakeCCompilerId.d" -o "src/CMakeFiles/CompilerIdC/CMakeCCompilerId.o" "../src/CMakeFiles/CompilerIdC/CMakeCCompilerId.c"
Finished building: ../src/CMakeFiles/CompilerIdC/CMakeCCompilerId.c
 
Building file: ../src/tutorial.cxx
Invoking: GCC C++ Compiler
g++ -O3 -Wall -c -fmessage-length=0 -MMD -MP -MF"src/tutorial.d" -MT"src/tutorial.d" -o "src/tutorial.o" "../src/tutorial.cxx"
Finished building: ../src/tutorial.cxx
 
Building target: Tutorial-5
Invoking: GCC C++ Linker
g++  -o "Tutorial-5"  ./src/MathFunctions/MakeTable.o ./src/MathFunctions/mysqrt.o  ./src/CMakeFiles/CompilerIdCXX/CMakeCXXCompilerId.o  ./src/CMakeFiles/CompilerIdC/CMakeCCompilerId.o  ./src/tutorial.o   
./src/CMakeFiles/CompilerIdCXX/CMakeCXXCompilerId.o: In function `main':
CMakeCXXCompilerId.cpp:(.text.startup+0x0): multiple definition of `main'
./src/MathFunctions/MakeTable.o:MakeTable.cxx:(.text.startup+0x0): first defined here
./src/CMakeFiles/CompilerIdC/CMakeCCompilerId.o: In function `main':
CMakeCCompilerId.c:(.text.startup+0x0): multiple definition of `main'
./src/MathFunctions/MakeTable.o:MakeTable.cxx:(.text.startup+0x0): first defined here
./src/CMakeFiles/CompilerIdC/CMakeCCompilerId.o:(.data+0x8): multiple definition of `info_compiler'
./src/CMakeFiles/CompilerIdCXX/CMakeCXXCompilerId.o:(.data+0x8): first defined here
./src/CMakeFiles/CompilerIdC/CMakeCCompilerId.o:(.data+0x4): multiple definition of `info_platform'
./src/CMakeFiles/CompilerIdCXX/CMakeCXXCompilerId.o:(.data+0x4): first defined here
./src/CMakeFiles/CompilerIdC/CMakeCCompilerId.o:(.data+0x0): multiple definition of `info_arch'
./src/CMakeFiles/CompilerIdCXX/CMakeCXXCompilerId.o:(.data+0x0): first defined here
./src/tutorial.o: In function `main':
tutorial.cxx:(.text.startup+0x0): multiple definition of `main'
./src/MathFunctions/MakeTable.o:MakeTable.cxx:(.text.startup+0x0): first defined here
collect2: ld returned 1 exit status
make: *** [Tutorial-5] Error 1
19:10:25 **** Incremental Build of configuration Release for project Tutorial-5 ****
make all 
Building target: Tutorial-5
Invoking: GCC C++ Linker
g++  -o "Tutorial-5"  ./src/MathFunctions/MakeTable.o ./src/MathFunctions/mysqrt.o  ./src/tutorial.o   
./src/tutorial.o: In function `main':
tutorial.cxx:(.text.startup+0x0): multiple definition of `main'
./src/MathFunctions/MakeTable.o:MakeTable.cxx:(.text.startup+0x0): first defined here
collect2: ld returned 1 exit status
make: *** [Tutorial-5] Error 1
16:16:28 **** Incremental Build of configuration Release for project Tutorial-5 ****
make all 
Building file: ../src/MathFunctions/MakeTable.cxx
Invoking: GCC C++ Compiler
g++ -O3 -Wall -c -fmessage-length=0 -MMD -MP -MF"src/MathFunctions/MakeTable.d" -MT"src/MathFunctions/MakeTable.d" -o "src/MathFunctions/MakeTable.o" "../src/MathFunctions/MakeTable.cxx"
Finished building: ../src/MathFunctions/MakeTable.cxx
 
Building file: ../src/MathFunctions/mysqrt.cxx
Invoking: GCC C++ Compiler
g++ -O3 -Wall -c -fmessage-length=0 -MMD -MP -MF"src/MathFunctions/mysqrt.d" -MT"src/MathFunctions/mysqrt.d" -o "src/MathFunctions/mysqrt.o" "../src/MathFunctions/mysqrt.cxx"
Finished building: ../src/MathFunctions/mysqrt.cxx
 
Building file: ../src/tutorial.cxx
Invoking: GCC C++ Compiler
g++ -O3 -Wall -c -fmessage-length=0 -MMD -MP -MF"src/tutorial.d" -MT"src/tutorial.d" -o "src/tutorial.o" "../src/tutorial.cxx"
Finished building: ../src/tutorial.cxx
 
Building file: ../build/CMakeFiles/CompilerIdCXX/CMakeCXXCompilerId.cpp
Invoking: GCC C++ Compiler
g++ -O3 -Wall -c -fmessage-length=0 -MMD -MP -MF"build/CMakeFiles/CompilerIdCXX/CMakeCXXCompilerId.d" -MT"build/CMakeFiles/CompilerIdCXX/CMakeCXXCompilerId.d" -o "build/CMakeFiles/CompilerIdCXX/CMakeCXXCompilerId.o" "../build/CMakeFiles/CompilerIdCXX/CMakeCXXCompilerId.cpp"
Finished building: ../build/CMakeFiles/CompilerIdCXX/CMakeCXXCompilerId.cpp
 
Building file: ../build/CMakeFiles/CompilerIdC/CMakeCCompilerId.c
Invoking: GCC C Compiler
gcc -O3 -Wall -c -fmessage-length=0 -MMD -MP -MF"build/CMakeFiles/CompilerIdC/CMakeCCompilerId.d" -MT"build/CMakeFiles/CompilerIdC/CMakeCCompilerId.d" -o "build/CMakeFiles/CompilerIdC/CMakeCCompilerId.o" "../build/CMakeFiles/CompilerIdC/CMakeCCompilerId.c"
Finished building: ../build/CMakeFiles/CompilerIdC/CMakeCCompilerId.c
 
Building target: Tutorial-5
Invoking: GCC C++ Linker
g++  -o "Tutorial-5"  ./src/MathFunctions/MakeTable.o ./src/MathFunctions/mysqrt.o  ./src/tutorial.o  ./build/CMakeFiles/CompilerIdCXX/CMakeCXXCompilerId.o  ./build/CMakeFiles/CompilerIdC/CMakeCCompilerId.o   
./src/tutorial.o: In function `main':
tutorial.cxx:(.text.startup+0x0): multiple definition of `main'
./src/MathFunctions/MakeTable.o:MakeTable.cxx:(.text.startup+0x0): first defined here
./build/CMakeFiles/CompilerIdCXX/CMakeCXXCompilerId.o: In function `main':
CMakeCXXCompilerId.cpp:(.text.startup+0x0): multiple definition of `main'
./src/MathFunctions/MakeTable.o:MakeTable.cxx:(.text.startup+0x0): first defined here
./build/CMakeFiles/CompilerIdC/CMakeCCompilerId.o: In function `main':
CMakeCCompilerId.c:(.text.startup+0x0): multiple definition of `main'
./src/MathFunctions/MakeTable.o:MakeTable.cxx:(.text.startup+0x0): first defined here
./build/CMakeFiles/CompilerIdC/CMakeCCompilerId.o:(.data+0x8): multiple definition of `info_compiler'
./build/CMakeFiles/CompilerIdCXX/CMakeCXXCompilerId.o:(.data+0x8): first defined here
./build/CMakeFiles/CompilerIdC/CMakeCCompilerId.o:(.data+0x4): multiple definition of `info_platform'
./build/CMakeFiles/CompilerIdCXX/CMakeCXXCompilerId.o:(.data+0x4): first defined here
./build/CMakeFiles/CompilerIdC/CMakeCCompilerId.o:(.data+0x0): multiple definition of `info_arch'
./build/CMakeFiles/CompilerIdCXX/CMakeCXXCompilerId.o:(.data+0x0): first defined here
collect2: ld returned 1 exit status
make: *** [Tutorial-5] Error 1
16:33:27 **** Incremental Build of configuration Release for project Tutorial-5 ****
make all 
Building target: Tutorial-5
Invoking: GCC C++ Linker
g++  -o "Tutorial-5"  ./src/MathFunctions/MakeTable.o ./src/MathFunctions/mysqrt.o  ./src/tutorial.o  ./build/CMakeFiles/CompilerIdCXX/CMakeCXXCompilerId.o  ./build/CMakeFiles/CompilerIdC/CMakeCCompilerId.o   
./src/tutorial.o: In function `main':
tutorial.cxx:(.text.startup+0x0): multiple definition of `main'
./src/MathFunctions/MakeTable.o:MakeTable.cxx:(.text.startup+0x0): first defined here
./build/CMakeFiles/CompilerIdCXX/CMakeCXXCompilerId.o: In function `main':
CMakeCXXCompilerId.cpp:(.text.startup+0x0): multiple definition of `main'
./src/MathFunctions/MakeTable.o:MakeTable.cxx:(.text.startup+0x0): first defined here
./build/CMakeFiles/CompilerIdC/CMakeCCompilerId.o: In function `main':
CMakeCCompilerId.c:(.text.startup+0x0): multiple definition of `main'
./src/MathFunctions/MakeTable.o:MakeTable.cxx:(.text.startup+0x0): first defined here
./build/CMakeFiles/CompilerIdC/CMakeCCompilerId.o:(.data+0x8): multiple definition of `info_compiler'
./build/CMakeFiles/CompilerIdCXX/CMakeCXXCompilerId.o:(.data+0x8): first defined here
./build/CMakeFiles/CompilerIdC/CMakeCCompilerId.o:(.data+0x4): multiple definition of `info_platform'
./build/CMakeFiles/CompilerIdCXX/CMakeCXXCompilerId.o:(.data+0x4): first defined here
./build/CMakeFiles/CompilerIdC/CMakeCCompilerId.o:(.data+0x0): multiple definition of `info_arch'
./build/CMakeFiles/CompilerIdCXX/CMakeCXXCompilerId.o:(.data+0x0): first defined here
collect2: ld returned 1 exit status
make: *** [Tutorial-5] Error 1
18:31:33 **** Incremental Build of configuration Release for project Tutorial-5 ****
make all 
Building file: ../src/MathFunctions/MakeTable.cxx
Invoking: GCC C++ Compiler
g++ -O3 -Wall -c -fmessage-length=0 -MMD -MP -MF"src/MathFunctions/MakeTable.d" -MT"src/MathFunctions/MakeTable.d" -o "src/MathFunctions/MakeTable.o" "../src/MathFunctions/MakeTable.cxx"
Finished building: ../src/MathFunctions/MakeTable.cxx
 
Building file: ../build/CMakeFiles/CompilerIdCXX/CMakeCXXCompilerId.cpp
Invoking: GCC C++ Compiler
g++ -O3 -Wall -c -fmessage-length=0 -MMD -MP -MF"build/CMakeFiles/CompilerIdCXX/CMakeCXXCompilerId.d" -MT"build/CMakeFiles/CompilerIdCXX/CMakeCXXCompilerId.d" -o "build/CMakeFiles/CompilerIdCXX/CMakeCXXCompilerId.o" "../build/CMakeFiles/CompilerIdCXX/CMakeCXXCompilerId.cpp"
Finished building: ../build/CMakeFiles/CompilerIdCXX/CMakeCXXCompilerId.cpp
 
Building file: ../build/CMakeFiles/CompilerIdC/CMakeCCompilerId.c
Invoking: GCC C Compiler
gcc -O3 -Wall -c -fmessage-length=0 -MMD -MP -MF"build/CMakeFiles/CompilerIdC/CMakeCCompilerId.d" -MT"build/CMakeFiles/CompilerIdC/CMakeCCompilerId.d" -o "build/CMakeFiles/CompilerIdC/CMakeCCompilerId.o" "../build/CMakeFiles/CompilerIdC/CMakeCCompilerId.c"
Finished building: ../build/CMakeFiles/CompilerIdC/CMakeCCompilerId.c
 
Building target: Tutorial-5
Invoking: GCC C++ Linker
g++  -o "Tutorial-5"  ./src/MathFunctions/MakeTable.o ./src/MathFunctions/mysqrt.o  ./src/tutorial.o  ./build/CMakeFiles/CompilerIdCXX/CMakeCXXCompilerId.o  ./build/CMakeFiles/CompilerIdC/CMakeCCompilerId.o   
./src/tutorial.o: In function `main':
tutorial.cxx:(.text.startup+0x0): multiple definition of `main'
./src/MathFunctions/MakeTable.o:MakeTable.cxx:(.text.startup+0x0): first defined here
./build/CMakeFiles/CompilerIdCXX/CMakeCXXCompilerId.o: In function `main':
CMakeCXXCompilerId.cpp:(.text.startup+0x0): multiple definition of `main'
./src/MathFunctions/MakeTable.o:MakeTable.cxx:(.text.startup+0x0): first defined here
./build/CMakeFiles/CompilerIdC/CMakeCCompilerId.o: In function `main':
CMakeCCompilerId.c:(.text.startup+0x0): multiple definition of `main'
./src/MathFunctions/MakeTable.o:MakeTable.cxx:(.text.startup+0x0): first defined here
./build/CMakeFiles/CompilerIdC/CMakeCCompilerId.o:(.data+0x8): multiple definition of `info_compiler'
./build/CMakeFiles/CompilerIdCXX/CMakeCXXCompilerId.o:(.data+0x8): first defined here
./build/CMakeFiles/CompilerIdC/CMakeCCompilerId.o:(.data+0x4): multiple definition of `info_platform'
./build/CMakeFiles/CompilerIdCXX/CMakeCXXCompilerId.o:(.data+0x4): first defined here
./build/CMakeFiles/CompilerIdC/CMakeCCompilerId.o:(.data+0x0): multiple definition of `info_arch'
./build/CMakeFiles/CompilerIdCXX/CMakeCXXCompilerId.o:(.data+0x0): first defined here
collect2: ld returned 1 exit status
make: *** [Tutorial-5] Error 1
