Determining if the function log exists failed with the following output:
Change Dir: /home/marcos/Eclipse/bosch/workspace/Tutorial-5/build6/CMakeFiles/CMakeTmp

Run Build Command:/usr/bin/make "cmTryCompileExec/fast"
/usr/bin/make -f CMakeFiles/cmTryCompileExec.dir/build.make CMakeFiles/cmTryCompileExec.dir/build
make[1]: Entering directory `/home/marcos/Eclipse/bosch/workspace/Tutorial-5/build6/CMakeFiles/CMakeTmp'
/usr/bin/cmake -E cmake_progress_report /home/marcos/Eclipse/bosch/workspace/Tutorial-5/build6/CMakeFiles/CMakeTmp/CMakeFiles 1
Building C object CMakeFiles/cmTryCompileExec.dir/CheckFunctionExists.c.o
/usr/bin/gcc   -DCHECK_FUNCTION_EXISTS=log   -o CMakeFiles/cmTryCompileExec.dir/CheckFunctionExists.c.o   -c /usr/share/cmake-2.8/Modules/CheckFunctionExists.c
/usr/share/cmake-2.8/Modules/CheckFunctionExists.c:3:6: warning: conflicting types for built-in function ‘log’ [enabled by default]
Linking C executable cmTryCompileExec
/usr/bin/cmake -E cmake_link_script CMakeFiles/cmTryCompileExec.dir/link.txt --verbose=1
/usr/bin/gcc     -DCHECK_FUNCTION_EXISTS=log    CMakeFiles/cmTryCompileExec.dir/CheckFunctionExists.c.o  -o cmTryCompileExec -rdynamic 
CMakeFiles/cmTryCompileExec.dir/CheckFunctionExists.c.o: In function `main':
CheckFunctionExists.c:(.text+0x7): undefined reference to `log'
collect2: ld returned 1 exit status
make[1]: *** [cmTryCompileExec] Error 1
make[1]: Leaving directory `/home/marcos/Eclipse/bosch/workspace/Tutorial-5/build6/CMakeFiles/CMakeTmp'
make: *** [cmTryCompileExec/fast] Error 2


Determining if the function exp exists failed with the following output:
Change Dir: /home/marcos/Eclipse/bosch/workspace/Tutorial-5/build6/CMakeFiles/CMakeTmp

Run Build Command:/usr/bin/make "cmTryCompileExec/fast"
/usr/bin/make -f CMakeFiles/cmTryCompileExec.dir/build.make CMakeFiles/cmTryCompileExec.dir/build
make[1]: Entering directory `/home/marcos/Eclipse/bosch/workspace/Tutorial-5/build6/CMakeFiles/CMakeTmp'
/usr/bin/cmake -E cmake_progress_report /home/marcos/Eclipse/bosch/workspace/Tutorial-5/build6/CMakeFiles/CMakeTmp/CMakeFiles 1
Building C object CMakeFiles/cmTryCompileExec.dir/CheckFunctionExists.c.o
/usr/bin/gcc   -DCHECK_FUNCTION_EXISTS=exp   -o CMakeFiles/cmTryCompileExec.dir/CheckFunctionExists.c.o   -c /usr/share/cmake-2.8/Modules/CheckFunctionExists.c
/usr/share/cmake-2.8/Modules/CheckFunctionExists.c:3:6: warning: conflicting types for built-in function ‘exp’ [enabled by default]
Linking C executable cmTryCompileExec
/usr/bin/cmake -E cmake_link_script CMakeFiles/cmTryCompileExec.dir/link.txt --verbose=1
/usr/bin/gcc     -DCHECK_FUNCTION_EXISTS=exp    CMakeFiles/cmTryCompileExec.dir/CheckFunctionExists.c.o  -o cmTryCompileExec -rdynamic 
CMakeFiles/cmTryCompileExec.dir/CheckFunctionExists.c.o: In function `main':
CheckFunctionExists.c:(.text+0x7): undefined reference to `exp'
collect2: ld returned 1 exit status
make[1]: *** [cmTryCompileExec] Error 1
make[1]: Leaving directory `/home/marcos/Eclipse/bosch/workspace/Tutorial-5/build6/CMakeFiles/CMakeTmp'
make: *** [cmTryCompileExec/fast] Error 2


